[ 2018-01-27T09:03:40+08:00 ] 127.0.0.1 /cafe/index.php/Home/Index/index.html
INFO: [ app_init ] --START--
INFO: Run Behavior\BuildLiteBehavior [ RunTime:0.000032s ]
INFO: [ app_init ] --END-- [ RunTime:0.001048s ]
INFO: [ app_begin ] --START--
INFO: Run Behavior\ReadHtmlCacheBehavior [ RunTime:0.001148s ]
INFO: [ app_begin ] --END-- [ RunTime:0.001240s ]
SQL: SHOW COLUMNS FROM `sy_menuinfo` [ RunTime:0.0655s ]
SQL: SHOW COLUMNS FROM `sy_menutype` [ RunTime:0.0655s ]
SQL: SELECT * FROM sy_menutype m,sy_menuinfo i WHERE ( i.minfo_isnew=1 and m.mtype_id=i.mtype_id ) LIMIT 0,3   [ RunTime:0.0551s ]
SQL: SHOW COLUMNS FROM `sy_menutype` [ RunTime:0.0511s ]
SQL: SELECT * FROM sy_menutype m,sy_menuinfo i WHERE ( i.minfo_istuijian=1 and m.mtype_id=i.mtype_id and i.mtype_id!=1017 ) ORDER BY rand() LIMIT 0,3   [ RunTime:0.0536s ]
SQL: SHOW COLUMNS FROM `sy_menutype` [ RunTime:0.0536s ]
SQL: SELECT * FROM sy_menutype m,sy_menuinfo i WHERE ( m.mtype_id=i.mtype_id and m.mtype_id!=1017 ) ORDER BY i.minfo_price LIMIT 0,3   [ RunTime:0.0564s ]
SQL: SHOW COLUMNS FROM `sy_menutype` [ RunTime:0.0523s ]
SQL: SELECT * FROM sy_menutype m,sy_menuinfo i WHERE ( m.mtype_id=i.mtype_id and m.mtype_id!=1017 ) ORDER BY i.minfo_count desc LIMIT 3,3   [ RunTime:0.0582s ]
SQL: SHOW COLUMNS FROM `sy_menutype` [ RunTime:0.0529s ]
SQL: SELECT * FROM sy_menutype m,sy_menuinfo i WHERE ( m.mtype_id=i.mtype_id and m.mtype_id!=1017 ) ORDER BY rand() LIMIT 0,3   [ RunTime:0.0561s ]
SQL: SHOW COLUMNS FROM `sy_menutype` [ RunTime:0.0517s ]
SQL: SELECT * FROM sy_menutype m,sy_menuinfo i WHERE ( m.mtype_id=i.mtype_id and m.mtype_id!=1017 ) ORDER BY rand() LIMIT 0,3   [ RunTime:0.0563s ]
INFO: [ view_parse ] --START--
INFO: [ template_filter ] --START--
INFO: Run Behavior\ContentReplaceBehavior [ RunTime:0.000169s ]
INFO: [ template_filter ] --END-- [ RunTime:0.000244s ]
NOTIC: [8] Undefined variable: data F:\phpStudy\WWW\cafe\Shuyao\Runtime\Cache\Home\08e91de844dca98b637f1b12aa32bc63.php 第 45 行.
NOTIC: [8] Undefined variable: data F:\phpStudy\WWW\cafe\Shuyao\Runtime\Cache\Home\08e91de844dca98b637f1b12aa32bc63.php 第 48 行.
NOTIC: [8] Undefined variable: data F:\phpStudy\WWW\cafe\Shuyao\Runtime\Cache\Home\08e91de844dca98b637f1b12aa32bc63.php 第 51 行.
NOTIC: [8] Undefined variable: data F:\phpStudy\WWW\cafe\Shuyao\Runtime\Cache\Home\08e91de844dca98b637f1b12aa32bc63.php 第 54 行.
NOTIC: [8] Undefined variable: data F:\phpStudy\WWW\cafe\Shuyao\Runtime\Cache\Home\08e91de844dca98b637f1b12aa32bc63.php 第 57 行.
INFO: Run Behavior\ParseTemplateBehavior [ RunTime:0.037027s ]
INFO: [ view_parse ] --END-- [ RunTime:0.037104s ]
INFO: [ view_filter ] --START--
INFO: Run Behavior\WriteHtmlCacheBehavior [ RunTime:0.000800s ]
INFO: [ view_filter ] --END-- [ RunTime:0.000865s ]
INFO: [ app_end ] --START--
INFO: Run Behavior\ShowPageTraceBehavior [ RunTime:0.001865s ]
INFO: [ app_end ] --END-- [ RunTime:0.002083s ]

[ 2018-01-27T09:04:01+08:00 ] 127.0.0.1 /cafe/index.php/Home/Index/index.html
INFO: [ app_init ] --START--
INFO: Run Behavior\BuildLiteBehavior [ RunTime:0.000017s ]
INFO: [ app_init ] --END-- [ RunTime:0.000642s ]
INFO: [ app_begin ] --START--
INFO: Run Behavior\ReadHtmlCacheBehavior [ RunTime:0.001011s ]
INFO: [ app_begin ] --END-- [ RunTime:0.001095s ]
SQL: SHOW COLUMNS FROM `sy_menuinfo` [ RunTime:0.0634s ]
SQL: SHOW COLUMNS FROM `sy_menutype` [ RunTime:0.0390s ]
SQL: SELECT * FROM sy_menutype m,sy_menuinfo i WHERE ( i.minfo_isnew=1 and m.mtype_id=i.mtype_id ) LIMIT 0,3   [ RunTime:0.0364s ]
SQL: SHOW COLUMNS FROM `sy_menutype` [ RunTime:0.0364s ]
SQL: SELECT * FROM sy_menutype m,sy_menuinfo i WHERE ( i.minfo_istuijian=1 and m.mtype_id=i.mtype_id and i.mtype_id!=1017 ) ORDER BY rand() LIMIT 0,3   [ RunTime:0.7944s ]
SQL: SHOW COLUMNS FROM `sy_menutype` [ RunTime:0.0360s ]
SQL: SELECT * FROM sy_menutype m,sy_menuinfo i WHERE ( m.mtype_id=i.mtype_id and m.mtype_id!=1017 ) ORDER BY i.minfo_price LIMIT 0,3   [ RunTime:0.0381s ]
SQL: SHOW COLUMNS FROM `sy_menutype` [ RunTime:0.0362s ]
SQL: SELECT * FROM sy_menutype m,sy_menuinfo i WHERE ( m.mtype_id=i.mtype_id and m.mtype_id!=1017 ) ORDER BY i.minfo_count desc LIMIT 3,3   [ RunTime:0.0362s ]
SQL: SHOW COLUMNS FROM `sy_menutype` [ RunTime:0.0357s ]
SQL: SELECT * FROM sy_menutype m,sy_menuinfo i WHERE ( m.mtype_id=i.mtype_id and m.mtype_id!=1017 ) ORDER BY rand() LIMIT 0,3   [ RunTime:0.0371s ]
SQL: SHOW COLUMNS FROM `sy_menutype` [ RunTime:0.0381s ]
SQL: SELECT * FROM sy_menutype m,sy_menuinfo i WHERE ( m.mtype_id=i.mtype_id and m.mtype_id!=1017 ) ORDER BY rand() LIMIT 0,3   [ RunTime:0.0380s ]
INFO: [ view_parse ] --START--
INFO: [ template_filter ] --START--
INFO: Run Behavior\ContentReplaceBehavior [ RunTime:0.000170s ]
INFO: [ template_filter ] --END-- [ RunTime:0.000271s ]
NOTIC: [8] Undefined variable: data F:\phpStudy\WWW\cafe\Shuyao\Runtime\Cache\Home\08e91de844dca98b637f1b12aa32bc63.php 第 45 行.
NOTIC: [8] Undefined variable: data F:\phpStudy\WWW\cafe\Shuyao\Runtime\Cache\Home\08e91de844dca98b637f1b12aa32bc63.php 第 48 行.
NOTIC: [8] Undefined variable: data F:\phpStudy\WWW\cafe\Shuyao\Runtime\Cache\Home\08e91de844dca98b637f1b12aa32bc63.php 第 51 行.
NOTIC: [8] Undefined variable: data F:\phpStudy\WWW\cafe\Shuyao\Runtime\Cache\Home\08e91de844dca98b637f1b12aa32bc63.php 第 54 行.
NOTIC: [8] Undefined variable: data F:\phpStudy\WWW\cafe\Shuyao\Runtime\Cache\Home\08e91de844dca98b637f1b12aa32bc63.php 第 57 行.
INFO: Run Behavior\ParseTemplateBehavior [ RunTime:0.020924s ]
INFO: [ view_parse ] --END-- [ RunTime:0.021095s ]
INFO: [ view_filter ] --START--
INFO: Run Behavior\WriteHtmlCacheBehavior [ RunTime:0.000605s ]
INFO: [ view_filter ] --END-- [ RunTime:0.000660s ]
INFO: [ app_end ] --START--
INFO: Run Behavior\ShowPageTraceBehavior [ RunTime:0.001398s ]
INFO: [ app_end ] --END-- [ RunTime:0.001481s ]

[ 2018-01-27T09:04:45+08:00 ] 127.0.0.1 /cafe/index.php/Home/Our/index.html
INFO: [ app_init ] --START--
INFO: Run Behavior\BuildLiteBehavior [ RunTime:0.000020s ]
INFO: [ app_init ] --END-- [ RunTime:0.000791s ]
INFO: [ app_begin ] --START--
INFO: Run Behavior\ReadHtmlCacheBehavior [ RunTime:0.000976s ]
INFO: [ app_begin ] --END-- [ RunTime:0.001065s ]
SQL: SHOW COLUMNS FROM `sy_userinfo` [ RunTime:0.0601s ]
SQL: SELECT * FROM `sy_userinfo` WHERE ( u_phone = 13896324414 )  [ RunTime:0.0547s ]
INFO: [ view_parse ] --START--
INFO: [ template_filter ] --START--
INFO: Run Behavior\ContentReplaceBehavior [ RunTime:0.000064s ]
INFO: [ template_filter ] --END-- [ RunTime:0.000160s ]
INFO: Run Behavior\ParseTemplateBehavior [ RunTime:0.011290s ]
INFO: [ view_parse ] --END-- [ RunTime:0.011395s ]
INFO: [ view_filter ] --START--
INFO: Run Behavior\WriteHtmlCacheBehavior [ RunTime:0.000742s ]
INFO: [ view_filter ] --END-- [ RunTime:0.000818s ]
INFO: [ app_end ] --START--
INFO: Run Behavior\ShowPageTraceBehavior [ RunTime:0.001057s ]
INFO: [ app_end ] --END-- [ RunTime:0.001136s ]

[ 2018-01-27T09:05:43+08:00 ] 127.0.0.1 /cafe/index.php/Home/Our/management.html
INFO: [ app_init ] --START--
INFO: Run Behavior\BuildLiteBehavior [ RunTime:0.000022s ]
INFO: [ app_init ] --END-- [ RunTime:0.001188s ]
INFO: [ app_begin ] --START--
INFO: Run Behavior\ReadHtmlCacheBehavior [ RunTime:0.001160s ]
INFO: [ app_begin ] --END-- [ RunTime:0.001255s ]
SQL: SHOW COLUMNS FROM `sy_userinfo` [ RunTime:0.0464s ]
SQL: SELECT * FROM `sy_userinfo` WHERE ( u_phone = 13896324414 )  [ RunTime:0.0555s ]
INFO: [ view_parse ] --START--
INFO: [ template_filter ] --START--
INFO: Run Behavior\ContentReplaceBehavior [ RunTime:0.000067s ]
INFO: [ template_filter ] --END-- [ RunTime:0.000185s ]
INFO: Run Behavior\ParseTemplateBehavior [ RunTime:0.013349s ]
INFO: [ view_parse ] --END-- [ RunTime:0.013535s ]
INFO: [ view_filter ] --START--
INFO: Run Behavior\WriteHtmlCacheBehavior [ RunTime:0.000997s ]
INFO: [ view_filter ] --END-- [ RunTime:0.001094s ]
INFO: [ app_end ] --START--
INFO: Run Behavior\ShowPageTraceBehavior [ RunTime:0.001391s ]
INFO: [ app_end ] --END-- [ RunTime:0.001480s ]

[ 2018-01-27T09:06:06+08:00 ] 127.0.0.1 /cafe/index.php/Home/Our/file.html
INFO: [ app_init ] --START--
INFO: Run Behavior\BuildLiteBehavior [ RunTime:0.000017s ]
INFO: [ app_init ] --END-- [ RunTime:0.000690s ]
INFO: [ app_begin ] --START--
INFO: Run Behavior\ReadHtmlCacheBehavior [ RunTime:0.000829s ]
INFO: [ app_begin ] --END-- [ RunTime:0.000909s ]
SQL: SHOW COLUMNS FROM `sy_userinfo` [ RunTime:0.0525s ]
NOTIC: [2] call_user_func() expects parameter 1 to be a valid callback, no array or string given F:\phpStudy\WWW\cafe\ThinkPHP\Library\Think\Upload.class.php 第 170 行.
SQL: UPDATE `sy_userinfo` SET `u_phone`='13896324414',`u_img`='./u_img/2018-01-27/5a6bd07e85aeb.jpg' WHERE ( u_phone='13896324414' ) [ RunTime:0.0631s ]
INFO: [ view_parse ] --START--
INFO: [ template_filter ] --START--
INFO: Run Behavior\ContentReplaceBehavior [ RunTime:0.000040s ]
INFO: [ template_filter ] --END-- [ RunTime:0.000117s ]
INFO: Run Behavior\ParseTemplateBehavior [ RunTime:0.011874s ]
INFO: [ view_parse ] --END-- [ RunTime:0.011955s ]
INFO: [ view_filter ] --START--
INFO: Run Behavior\WriteHtmlCacheBehavior [ RunTime:0.000981s ]
INFO: [ view_filter ] --END-- [ RunTime:0.001081s ]
INFO: [ app_end ] --START--
INFO: Run Behavior\ShowPageTraceBehavior [ RunTime:0.001088s ]
INFO: [ app_end ] --END-- [ RunTime:0.001176s ]

[ 2018-01-27T09:06:08+08:00 ] 127.0.0.1 /cafe/index.php/Home/Our/management.html
INFO: [ app_init ] --START--
INFO: Run Behavior\BuildLiteBehavior [ RunTime:0.000016s ]
INFO: [ app_init ] --END-- [ RunTime:0.000831s ]
INFO: [ app_begin ] --START--
INFO: Run Behavior\ReadHtmlCacheBehavior [ RunTime:0.001080s ]
INFO: [ app_begin ] --END-- [ RunTime:0.001185s ]
SQL: SHOW COLUMNS FROM `sy_userinfo` [ RunTime:0.0855s ]
SQL: SELECT * FROM `sy_userinfo` WHERE ( u_phone = 13896324414 )  [ RunTime:0.0636s ]
INFO: [ view_parse ] --START--
INFO: [ template_filter ] --START--
INFO: Run Behavior\ContentReplaceBehavior [ RunTime:0.000051s ]
INFO: [ template_filter ] --END-- [ RunTime:0.000126s ]
INFO: Run Behavior\ParseTemplateBehavior [ RunTime:0.009744s ]
INFO: [ view_parse ] --END-- [ RunTime:0.009821s ]
INFO: [ view_filter ] --START--
INFO: Run Behavior\WriteHtmlCacheBehavior [ RunTime:0.000553s ]
INFO: [ view_filter ] --END-- [ RunTime:0.000649s ]
INFO: [ app_end ] --START--
INFO: Run Behavior\ShowPageTraceBehavior [ RunTime:0.001039s ]
INFO: [ app_end ] --END-- [ RunTime:0.001135s ]

[ 2018-01-27T09:06:14+08:00 ] 127.0.0.1 /cafe/index.php/Home/Our/management.html
INFO: [ app_init ] --START--
INFO: Run Behavior\BuildLiteBehavior [ RunTime:0.000022s ]
INFO: [ app_init ] --END-- [ RunTime:0.001544s ]
INFO: [ app_begin ] --START--
INFO: Run Behavior\ReadHtmlCacheBehavior [ RunTime:0.001352s ]
INFO: [ app_begin ] --END-- [ RunTime:0.001478s ]
SQL: SHOW COLUMNS FROM `sy_userinfo` [ RunTime:0.0527s ]
SQL: SELECT * FROM `sy_userinfo` WHERE ( u_phone = 13896324414 )  [ RunTime:0.0536s ]
INFO: [ view_parse ] --START--
INFO: [ template_filter ] --START--
INFO: Run Behavior\ContentReplaceBehavior [ RunTime:0.000055s ]
INFO: [ template_filter ] --END-- [ RunTime:0.000139s ]
INFO: Run Behavior\ParseTemplateBehavior [ RunTime:0.011400s ]
INFO: [ view_parse ] --END-- [ RunTime:0.011480s ]
INFO: [ view_filter ] --START--
INFO: Run Behavior\WriteHtmlCacheBehavior [ RunTime:0.000551s ]
INFO: [ view_filter ] --END-- [ RunTime:0.000639s ]
INFO: [ app_end ] --START--
INFO: Run Behavior\ShowPageTraceBehavior [ RunTime:0.001013s ]
INFO: [ app_end ] --END-- [ RunTime:0.001112s ]

[ 2018-01-27T09:06:15+08:00 ] 127.0.0.1 /cafe/index.php/Home/Our/management.html
INFO: [ app_init ] --START--
INFO: Run Behavior\BuildLiteBehavior [ RunTime:0.000020s ]
INFO: [ app_init ] --END-- [ RunTime:0.001022s ]
INFO: [ app_begin ] --START--
INFO: Run Behavior\ReadHtmlCacheBehavior [ RunTime:0.002281s ]
INFO: [ app_begin ] --END-- [ RunTime:0.002438s ]
SQL: SHOW COLUMNS FROM `sy_userinfo` [ RunTime:0.0522s ]
SQL: SELECT * FROM `sy_userinfo` WHERE ( u_phone = 13896324414 )  [ RunTime:0.0539s ]
INFO: [ view_parse ] --START--
INFO: [ template_filter ] --START--
INFO: Run Behavior\ContentReplaceBehavior [ RunTime:0.000052s ]
INFO: [ template_filter ] --END-- [ RunTime:0.000142s ]
INFO: Run Behavior\ParseTemplateBehavior [ RunTime:0.012089s ]
INFO: [ view_parse ] --END-- [ RunTime:0.012184s ]
INFO: [ view_filter ] --START--
INFO: Run Behavior\WriteHtmlCacheBehavior [ RunTime:0.000827s ]
INFO: [ view_filter ] --END-- [ RunTime:0.001022s ]
INFO: [ app_end ] --START--
INFO: Run Behavior\ShowPageTraceBehavior [ RunTime:0.001051s ]
INFO: [ app_end ] --END-- [ RunTime:0.001150s ]

[ 2018-01-27T09:06:23+08:00 ] 127.0.0.1 /cafe/index.php/Home/Our/index.html
INFO: [ app_init ] --START--
INFO: Run Behavior\BuildLiteBehavior [ RunTime:0.000022s ]
INFO: [ app_init ] --END-- [ RunTime:0.001997s ]
INFO: [ app_begin ] --START--
INFO: Run Behavior\ReadHtmlCacheBehavior [ RunTime:0.001245s ]
INFO: [ app_begin ] --END-- [ RunTime:0.001361s ]
SQL: SHOW COLUMNS FROM `sy_userinfo` [ RunTime:0.0557s ]
SQL: SELECT * FROM `sy_userinfo` WHERE ( u_phone = 13896324414 )  [ RunTime:0.0669s ]
INFO: [ view_parse ] --START--
INFO: [ template_filter ] --START--
INFO: Run Behavior\ContentReplaceBehavior [ RunTime:0.000065s ]
INFO: [ template_filter ] --END-- [ RunTime:0.000142s ]
INFO: Run Behavior\ParseTemplateBehavior [ RunTime:0.012685s ]
INFO: [ view_parse ] --END-- [ RunTime:0.012770s ]
INFO: [ view_filter ] --START--
INFO: Run Behavior\WriteHtmlCacheBehavior [ RunTime:0.000712s ]
INFO: [ view_filter ] --END-- [ RunTime:0.000815s ]
INFO: [ app_end ] --START--
INFO: Run Behavior\ShowPageTraceBehavior [ RunTime:0.001087s ]
INFO: [ app_end ] --END-- [ RunTime:0.001184s ]

[ 2018-01-27T09:07:47+08:00 ] 127.0.0.1 /cafe/index.php/Home/Index/index.html
INFO: [ app_init ] --START--
INFO: Run Behavior\BuildLiteBehavior [ RunTime:0.000020s ]
INFO: [ app_init ] --END-- [ RunTime:0.000962s ]
INFO: [ app_begin ] --START--
INFO: Run Behavior\ReadHtmlCacheBehavior [ RunTime:0.001231s ]
INFO: [ app_begin ] --END-- [ RunTime:0.001348s ]
SQL: SHOW COLUMNS FROM `sy_menuinfo` [ RunTime:0.0515s ]
SQL: SHOW COLUMNS FROM `sy_menutype` [ RunTime:0.0402s ]
SQL: SELECT * FROM sy_menutype m,sy_menuinfo i WHERE ( i.minfo_isnew=1 and m.mtype_id=i.mtype_id ) LIMIT 0,3   [ RunTime:0.0564s ]
SQL: SHOW COLUMNS FROM `sy_menutype` [ RunTime:0.0512s ]
SQL: SELECT * FROM sy_menutype m,sy_menuinfo i WHERE ( i.minfo_istuijian=1 and m.mtype_id=i.mtype_id and i.mtype_id!=1017 ) ORDER BY rand() LIMIT 0,3   [ RunTime:0.0536s ]
SQL: SHOW COLUMNS FROM `sy_menutype` [ RunTime:0.0531s ]
SQL: SELECT * FROM sy_menutype m,sy_menuinfo i WHERE ( m.mtype_id=i.mtype_id and m.mtype_id!=1017 ) ORDER BY i.minfo_price LIMIT 0,3   [ RunTime:0.0550s ]
SQL: SHOW COLUMNS FROM `sy_menutype` [ RunTime:0.0514s ]
SQL: SELECT * FROM sy_menutype m,sy_menuinfo i WHERE ( m.mtype_id=i.mtype_id and m.mtype_id!=1017 ) ORDER BY i.minfo_count desc LIMIT 3,3   [ RunTime:0.0536s ]
SQL: SHOW COLUMNS FROM `sy_menutype` [ RunTime:0.0534s ]
SQL: SELECT * FROM sy_menutype m,sy_menuinfo i WHERE ( m.mtype_id=i.mtype_id and m.mtype_id!=1017 ) ORDER BY rand() LIMIT 0,3   [ RunTime:0.0522s ]
SQL: SHOW COLUMNS FROM `sy_menutype` [ RunTime:0.0505s ]
SQL: SELECT * FROM sy_menutype m,sy_menuinfo i WHERE ( m.mtype_id=i.mtype_id and m.mtype_id!=1017 ) ORDER BY rand() LIMIT 0,3   [ RunTime:0.0524s ]
INFO: [ view_parse ] --START--
INFO: [ template_filter ] --START--
INFO: Run Behavior\ContentReplaceBehavior [ RunTime:0.000169s ]
INFO: [ template_filter ] --END-- [ RunTime:0.000245s ]
NOTIC: [8] Undefined variable: data F:\phpStudy\WWW\cafe\Shuyao\Runtime\Cache\Home\08e91de844dca98b637f1b12aa32bc63.php 第 45 行.
NOTIC: [8] Undefined variable: data F:\phpStudy\WWW\cafe\Shuyao\Runtime\Cache\Home\08e91de844dca98b637f1b12aa32bc63.php 第 48 行.
NOTIC: [8] Undefined variable: data F:\phpStudy\WWW\cafe\Shuyao\Runtime\Cache\Home\08e91de844dca98b637f1b12aa32bc63.php 第 51 行.
NOTIC: [8] Undefined variable: data F:\phpStudy\WWW\cafe\Shuyao\Runtime\Cache\Home\08e91de844dca98b637f1b12aa32bc63.php 第 54 行.
NOTIC: [8] Undefined variable: data F:\phpStudy\WWW\cafe\Shuyao\Runtime\Cache\Home\08e91de844dca98b637f1b12aa32bc63.php 第 57 行.
INFO: Run Behavior\ParseTemplateBehavior [ RunTime:0.021823s ]
INFO: [ view_parse ] --END-- [ RunTime:0.021898s ]
INFO: [ view_filter ] --START--
INFO: Run Behavior\WriteHtmlCacheBehavior [ RunTime:0.000573s ]
INFO: [ view_filter ] --END-- [ RunTime:0.000669s ]
INFO: [ app_end ] --START--
INFO: Run Behavior\ShowPageTraceBehavior [ RunTime:0.001150s ]
INFO: [ app_end ] --END-- [ RunTime:0.001246s ]

[ 2018-01-27T09:34:32+08:00 ] 127.0.0.1 /cafe/index.php/Home/Our/index.html
INFO: [ app_init ] --START--
INFO: Run Behavior\BuildLiteBehavior [ RunTime:0.000029s ]
INFO: [ app_init ] --END-- [ RunTime:0.000855s ]
INFO: [ app_begin ] --START--
INFO: Run Behavior\ReadHtmlCacheBehavior [ RunTime:0.000962s ]
INFO: [ app_begin ] --END-- [ RunTime:0.001039s ]
SQL: SHOW COLUMNS FROM `sy_userinfo` [ RunTime:0.0366s ]
SQL: SELECT * FROM `sy_userinfo` WHERE ( u_phone = 13896324414 )  [ RunTime:0.0376s ]
INFO: [ view_parse ] --START--
INFO: [ template_filter ] --START--
INFO: Run Behavior\ContentReplaceBehavior [ RunTime:0.000050s ]
INFO: [ template_filter ] --END-- [ RunTime:0.000113s ]
INFO: Run Behavior\ParseTemplateBehavior [ RunTime:0.012679s ]
INFO: [ view_parse ] --END-- [ RunTime:0.012746s ]
INFO: [ view_filter ] --START--
INFO: Run Behavior\WriteHtmlCacheBehavior [ RunTime:0.000751s ]
INFO: [ view_filter ] --END-- [ RunTime:0.000813s ]
INFO: [ app_end ] --START--
INFO: Run Behavior\ShowPageTraceBehavior [ RunTime:0.001899s ]
INFO: [ app_end ] --END-- [ RunTime:0.001981s ]

[ 2018-01-27T09:34:32+08:00 ] 127.0.0.1 /cafe/index.php/Home/Our/index.html
INFO: [ app_init ] --START--
INFO: Run Behavior\BuildLiteBehavior [ RunTime:0.000028s ]
INFO: [ app_init ] --END-- [ RunTime:0.000916s ]
INFO: [ app_begin ] --START--
INFO: Run Behavior\ReadHtmlCacheBehavior [ RunTime:0.000925s ]
INFO: [ app_begin ] --END-- [ RunTime:0.001004s ]
SQL: SHOW COLUMNS FROM `sy_userinfo` [ RunTime:0.0437s ]
SQL: SELECT * FROM `sy_userinfo` WHERE ( u_phone = 13896324414 )  [ RunTime:0.0412s ]
INFO: [ view_parse ] --START--
INFO: [ template_filter ] --START--
INFO: Run Behavior\ContentReplaceBehavior [ RunTime:0.000046s ]
INFO: [ template_filter ] --END-- [ RunTime:0.000103s ]
INFO: Run Behavior\ParseTemplateBehavior [ RunTime:0.013047s ]
INFO: [ view_parse ] --END-- [ RunTime:0.013112s ]
INFO: [ view_filter ] --START--
INFO: Run Behavior\WriteHtmlCacheBehavior [ RunTime:0.000545s ]
INFO: [ view_filter ] --END-- [ RunTime:0.000597s ]
INFO: [ app_end ] --START--
INFO: Run Behavior\ShowPageTraceBehavior [ RunTime:0.000889s ]
INFO: [ app_end ] --END-- [ RunTime:0.000949s ]

[ 2018-01-27T09:34:33+08:00 ] 127.0.0.1 /cafe/index.php/Home/Our/index.html
INFO: [ app_init ] --START--
INFO: Run Behavior\BuildLiteBehavior [ RunTime:0.000019s ]
INFO: [ app_init ] --END-- [ RunTime:0.000819s ]
INFO: [ app_begin ] --START--
INFO: Run Behavior\ReadHtmlCacheBehavior [ RunTime:0.001536s ]
INFO: [ app_begin ] --END-- [ RunTime:0.001634s ]
SQL: SHOW COLUMNS FROM `sy_userinfo` [ RunTime:0.0425s ]
SQL: SELECT * FROM `sy_userinfo` WHERE ( u_phone = 13896324414 )  [ RunTime:0.0550s ]
INFO: [ view_parse ] --START--
INFO: [ template_filter ] --START--
INFO: Run Behavior\ContentReplaceBehavior [ RunTime:0.000044s ]
INFO: [ template_filter ] --END-- [ RunTime:0.000099s ]
INFO: Run Behavior\ParseTemplateBehavior [ RunTime:0.008498s ]
INFO: [ view_parse ] --END-- [ RunTime:0.008556s ]
INFO: [ view_filter ] --START--
INFO: Run Behavior\WriteHtmlCacheBehavior [ RunTime:0.000386s ]
INFO: [ view_filter ] --END-- [ RunTime:0.000424s ]
INFO: [ app_end ] --START--
INFO: Run Behavior\ShowPageTraceBehavior [ RunTime:0.000625s ]
INFO: [ app_end ] --END-- [ RunTime:0.000672s ]

[ 2018-01-27T09:40:10+08:00 ] 127.0.0.1 /cafe/index.php/Home/Index/index.html
INFO: [ app_init ] --START--
INFO: Run Behavior\BuildLiteBehavior [ RunTime:0.000013s ]
INFO: [ app_init ] --END-- [ RunTime:0.000461s ]
INFO: [ app_begin ] --START--
INFO: Run Behavior\ReadHtmlCacheBehavior [ RunTime:0.001062s ]
INFO: [ app_begin ] --END-- [ RunTime:0.001156s ]
SQL: SHOW COLUMNS FROM `sy_menuinfo` [ RunTime:0.0425s ]
SQL: SHOW COLUMNS FROM `sy_menutype` [ RunTime:0.0386s ]
SQL: SELECT * FROM sy_menutype m,sy_menuinfo i WHERE ( i.minfo_isnew=1 and m.mtype_id=i.mtype_id ) LIMIT 0,3   [ RunTime:0.0383s ]
SQL: SHOW COLUMNS FROM `sy_menutype` [ RunTime:0.0372s ]
SQL: SELECT * FROM sy_menutype m,sy_menuinfo i WHERE ( i.minfo_istuijian=1 and m.mtype_id=i.mtype_id and i.mtype_id!=1017 ) ORDER BY rand() LIMIT 0,3   [ RunTime:0.0374s ]
SQL: SHOW COLUMNS FROM `sy_menutype` [ RunTime:0.0371s ]
SQL: SELECT * FROM sy_menutype m,sy_menuinfo i WHERE ( m.mtype_id=i.mtype_id and m.mtype_id!=1017 ) ORDER BY i.minfo_price LIMIT 0,3   [ RunTime:0.0361s ]
SQL: SHOW COLUMNS FROM `sy_menutype` [ RunTime:0.0538s ]
SQL: SELECT * FROM sy_menutype m,sy_menuinfo i WHERE ( m.mtype_id=i.mtype_id and m.mtype_id!=1017 ) ORDER BY i.minfo_count desc LIMIT 3,3   [ RunTime:0.0413s ]
SQL: SHOW COLUMNS FROM `sy_menutype` [ RunTime:0.0367s ]
SQL: SELECT * FROM sy_menutype m,sy_menuinfo i WHERE ( m.mtype_id=i.mtype_id and m.mtype_id!=1017 ) ORDER BY rand() LIMIT 0,3   [ RunTime:0.0398s ]
SQL: SHOW COLUMNS FROM `sy_menutype` [ RunTime:0.0410s ]
SQL: SELECT * FROM sy_menutype m,sy_menuinfo i WHERE ( m.mtype_id=i.mtype_id and m.mtype_id!=1017 ) ORDER BY rand() LIMIT 0,3   [ RunTime:0.0362s ]
INFO: [ view_parse ] --START--
INFO: [ template_filter ] --START--
INFO: Run Behavior\ContentReplaceBehavior [ RunTime:0.000111s ]
INFO: [ template_filter ] --END-- [ RunTime:0.000169s ]
NOTIC: [8] Undefined variable: data F:\phpStudy\WWW\cafe\Shuyao\Runtime\Cache\Home\08e91de844dca98b637f1b12aa32bc63.php 第 45 行.
NOTIC: [8] Undefined variable: data F:\phpStudy\WWW\cafe\Shuyao\Runtime\Cache\Home\08e91de844dca98b637f1b12aa32bc63.php 第 48 行.
NOTIC: [8] Undefined variable: data F:\phpStudy\WWW\cafe\Shuyao\Runtime\Cache\Home\08e91de844dca98b637f1b12aa32bc63.php 第 51 行.
NOTIC: [8] Undefined variable: data F:\phpStudy\WWW\cafe\Shuyao\Runtime\Cache\Home\08e91de844dca98b637f1b12aa32bc63.php 第 54 行.
NOTIC: [8] Undefined variable: data F:\phpStudy\WWW\cafe\Shuyao\Runtime\Cache\Home\08e91de844dca98b637f1b12aa32bc63.php 第 57 行.
INFO: Run Behavior\ParseTemplateBehavior [ RunTime:0.062174s ]
INFO: [ view_parse ] --END-- [ RunTime:0.062224s ]
INFO: [ view_filter ] --START--
INFO: Run Behavior\WriteHtmlCacheBehavior [ RunTime:0.000455s ]
INFO: [ view_filter ] --END-- [ RunTime:0.000499s ]
INFO: [ app_end ] --START--
INFO: Run Behavior\ShowPageTraceBehavior [ RunTime:0.000977s ]
INFO: [ app_end ] --END-- [ RunTime:0.001042s ]

[ 2018-01-27T09:40:12+08:00 ] 127.0.0.1 /cafe/index.php/Home/Shach/seach.html
INFO: [ app_init ] --START--
INFO: Run Behavior\BuildLiteBehavior [ RunTime:0.000089s ]
INFO: [ app_init ] --END-- [ RunTime:0.000878s ]
INFO: [ app_begin ] --START--
INFO: Run Behavior\ReadHtmlCacheBehavior [ RunTime:0.000812s ]
INFO: [ app_begin ] --END-- [ RunTime:0.000888s ]
SQL: SHOW COLUMNS FROM `sy_menuinfo` [ RunTime:0.0371s ]
SQL: SELECT id,minfo_name,count( minfo_num ) AS count FROM sy_menuinfo GROUP BY minfo_num ORDER BY count DESC LIMIT 6 [ RunTime:0.0374s ]
INFO: [ view_parse ] --START--
INFO: [ template_filter ] --START--
INFO: Run Behavior\ContentReplaceBehavior [ RunTime:0.000042s ]
INFO: [ template_filter ] --END-- [ RunTime:0.000109s ]
INFO: Run Behavior\ParseTemplateBehavior [ RunTime:0.029268s ]
INFO: [ view_parse ] --END-- [ RunTime:0.029348s ]
INFO: [ view_filter ] --START--
INFO: Run Behavior\WriteHtmlCacheBehavior [ RunTime:0.000573s ]
INFO: [ view_filter ] --END-- [ RunTime:0.000638s ]
INFO: [ app_end ] --START--
INFO: Run Behavior\ShowPageTraceBehavior [ RunTime:0.000943s ]
INFO: [ app_end ] --END-- [ RunTime:0.001014s ]

[ 2018-01-27T09:40:14+08:00 ] 127.0.0.1 /cafe/index.php/Home/Shach/seachxq.html
INFO: [ app_init ] --START--
INFO: Run Behavior\BuildLiteBehavior [ RunTime:0.000023s ]
INFO: [ app_init ] --END-- [ RunTime:0.000831s ]
INFO: [ app_begin ] --START--
INFO: Run Behavior\ReadHtmlCacheBehavior [ RunTime:0.001002s ]
INFO: [ app_begin ] --END-- [ RunTime:0.001092s ]
INFO: [ view_parse ] --START--
INFO: [ template_filter ] --START--
INFO: Run Behavior\ContentReplaceBehavior [ RunTime:0.000033s ]
INFO: [ template_filter ] --END-- [ RunTime:0.000097s ]
INFO: Run Behavior\ParseTemplateBehavior [ RunTime:0.008073s ]
INFO: [ view_parse ] --END-- [ RunTime:0.008161s ]
INFO: [ view_filter ] --START--
INFO: Run Behavior\WriteHtmlCacheBehavior [ RunTime:0.000663s ]
INFO: [ view_filter ] --END-- [ RunTime:0.000723s ]

[ 2018-01-27T09:40:21+08:00 ] 127.0.0.1 /cafe/index.php/Home/Classifi/detail.html?id=10
INFO: [ app_init ] --START--
INFO: Run Behavior\BuildLiteBehavior [ RunTime:0.000017s ]
INFO: [ app_init ] --END-- [ RunTime:0.000721s ]
INFO: [ app_begin ] --START--
INFO: Run Behavior\ReadHtmlCacheBehavior [ RunTime:0.000851s ]
INFO: [ app_begin ] --END-- [ RunTime:0.000936s ]
SQL: SHOW COLUMNS FROM `sy_menuinfo` [ RunTime:0.0710s ]
SQL: SELECT * FROM `sy_menuinfo` WHERE `id` = 10  [ RunTime:0.0917s ]
INFO: [ view_parse ] --START--
INFO: [ template_filter ] --START--
INFO: Run Behavior\ContentReplaceBehavior [ RunTime:0.000040s ]
INFO: [ template_filter ] --END-- [ RunTime:0.000103s ]
INFO: Run Behavior\ParseTemplateBehavior [ RunTime:0.061090s ]
INFO: [ view_parse ] --END-- [ RunTime:0.061161s ]
INFO: [ view_filter ] --START--
INFO: Run Behavior\WriteHtmlCacheBehavior [ RunTime:0.000451s ]
INFO: [ view_filter ] --END-- [ RunTime:0.000504s ]
INFO: [ app_end ] --START--
INFO: Run Behavior\ShowPageTraceBehavior [ RunTime:0.000776s ]
INFO: [ app_end ] --END-- [ RunTime:0.000835s ]

[ 2018-01-27T09:40:23+08:00 ] 127.0.0.1 /cafe/index.php/Home/Order/addOrder.html
INFO: [ app_init ] --START--
INFO: Run Behavior\BuildLiteBehavior [ RunTime:0.000017s ]
INFO: [ app_init ] --END-- [ RunTime:0.000583s ]
INFO: [ app_begin ] --START--
INFO: Run Behavior\ReadHtmlCacheBehavior [ RunTime:0.000846s ]
INFO: [ app_begin ] --END-- [ RunTime:0.000930s ]
SQL: SHOW COLUMNS FROM `sy_shoppingcart` [ RunTime:0.0452s ]
SQL: SELECT * FROM `sy_shoppingcart` WHERE ( cart_menuid=10 and cart_uphone='13896324414' ) LIMIT 1   [ RunTime:0.0442s ]
INFO: [ view_parse ] --START--
INFO: [ template_filter ] --START--
INFO: Run Behavior\ContentReplaceBehavior [ RunTime:0.000030s ]
INFO: [ template_filter ] --END-- [ RunTime:0.000089s ]
INFO: Run Behavior\ParseTemplateBehavior [ RunTime:0.008789s ]
INFO: [ view_parse ] --END-- [ RunTime:0.008885s ]
INFO: [ view_filter ] --START--
INFO: Run Behavior\WriteHtmlCacheBehavior [ RunTime:0.000592s ]
INFO: [ view_filter ] --END-- [ RunTime:0.000674s ]

[ 2018-01-27T09:40:27+08:00 ] 127.0.0.1 /cafe/index.php/Home/Classifi/index.html
INFO: [ app_init ] --START--
INFO: Run Behavior\BuildLiteBehavior [ RunTime:0.000016s ]
INFO: [ app_init ] --END-- [ RunTime:0.000610s ]
INFO: [ app_begin ] --START--
INFO: Run Behavior\ReadHtmlCacheBehavior [ RunTime:0.000934s ]
INFO: [ app_begin ] --END-- [ RunTime:0.001010s ]
SQL: SHOW COLUMNS FROM `sy_menutype` [ RunTime:0.0630s ]
SQL: SELECT `mtype_id`,`mtype_name` FROM `sy_menutype` ORDER BY mtype_id  [ RunTime:0.0413s ]
SQL: SHOW COLUMNS FROM `sy_menuinfo` [ RunTime:0.0422s ]
SQL: SELECT * FROM `sy_menuinfo` WHERE ( mtype_id=1001 )  [ RunTime:0.0428s ]
INFO: [ view_parse ] --START--
INFO: [ template_filter ] --START--
INFO: Run Behavior\ContentReplaceBehavior [ RunTime:0.000040s ]
INFO: [ template_filter ] --END-- [ RunTime:0.000090s ]
INFO: Run Behavior\ParseTemplateBehavior [ RunTime:0.041980s ]
INFO: [ view_parse ] --END-- [ RunTime:0.042038s ]
INFO: [ view_filter ] --START--
INFO: Run Behavior\WriteHtmlCacheBehavior [ RunTime:0.000585s ]
INFO: [ view_filter ] --END-- [ RunTime:0.000644s ]
INFO: [ app_end ] --START--
INFO: Run Behavior\ShowPageTraceBehavior [ RunTime:0.000902s ]
INFO: [ app_end ] --END-- [ RunTime:0.000970s ]

[ 2018-01-27T09:40:27+08:00 ] 127.0.0.1 /cafe/index.php/Home/Classifi/tuijian.html
INFO: [ app_init ] --START--
INFO: Run Behavior\BuildLiteBehavior [ RunTime:0.000017s ]
INFO: [ app_init ] --END-- [ RunTime:0.000683s ]
INFO: [ app_begin ] --START--
INFO: Run Behavior\ReadHtmlCacheBehavior [ RunTime:0.000801s ]
INFO: [ app_begin ] --END-- [ RunTime:0.000875s ]
SQL: SHOW COLUMNS FROM `sy_menuinfo` [ RunTime:0.0457s ]
SQL: SELECT * FROM `sy_menuinfo` WHERE ( minfo_istuijian=1 )  [ RunTime:0.0412s ]
INFO: [ view_parse ] --START--
INFO: [ template_filter ] --START--
INFO: Run Behavior\ContentReplaceBehavior [ RunTime:0.000041s ]
INFO: [ template_filter ] --END-- [ RunTime:0.000130s ]
INFO: Run Behavior\ParseTemplateBehavior [ RunTime:0.026903s ]
INFO: [ view_parse ] --END-- [ RunTime:0.026997s ]
INFO: [ view_filter ] --START--
INFO: Run Behavior\WriteHtmlCacheBehavior [ RunTime:0.000746s ]
INFO: [ view_filter ] --END-- [ RunTime:0.000852s ]
INFO: [ app_end ] --START--
INFO: Run Behavior\ShowPageTraceBehavior [ RunTime:0.001104s ]
INFO: [ app_end ] --END-- [ RunTime:0.001181s ]

[ 2018-01-27T09:40:30+08:00 ] 127.0.0.1 /cafe/index.php/Home/Index/index.html
INFO: [ app_init ] --START--
INFO: Run Behavior\BuildLiteBehavior [ RunTime:0.000017s ]
INFO: [ app_init ] --END-- [ RunTime:0.000591s ]
INFO: [ app_begin ] --START--
INFO: Run Behavior\ReadHtmlCacheBehavior [ RunTime:0.000751s ]
INFO: [ app_begin ] --END-- [ RunTime:0.000826s ]
SQL: SHOW COLUMNS FROM `sy_menuinfo` [ RunTime:0.0452s ]
SQL: SHOW COLUMNS FROM `sy_menutype` [ RunTime:0.0437s ]
SQL: SELECT * FROM sy_menutype m,sy_menuinfo i WHERE ( i.minfo_isnew=1 and m.mtype_id=i.mtype_id ) LIMIT 0,3   [ RunTime:0.0412s ]
SQL: SHOW COLUMNS FROM `sy_menutype` [ RunTime:0.0414s ]
SQL: SELECT * FROM sy_menutype m,sy_menuinfo i WHERE ( i.minfo_istuijian=1 and m.mtype_id=i.mtype_id and i.mtype_id!=1017 ) ORDER BY rand() LIMIT 0,3   [ RunTime:0.0432s ]
SQL: SHOW COLUMNS FROM `sy_menutype` [ RunTime:0.0432s ]
SQL: SELECT * FROM sy_menutype m,sy_menuinfo i WHERE ( m.mtype_id=i.mtype_id and m.mtype_id!=1017 ) ORDER BY i.minfo_price LIMIT 0,3   [ RunTime:0.0408s ]
SQL: SHOW COLUMNS FROM `sy_menutype` [ RunTime:0.0426s ]
SQL: SELECT * FROM sy_menutype m,sy_menuinfo i WHERE ( m.mtype_id=i.mtype_id and m.mtype_id!=1017 ) ORDER BY i.minfo_count desc LIMIT 3,3   [ RunTime:0.0412s ]
SQL: SHOW COLUMNS FROM `sy_menutype` [ RunTime:0.0413s ]
SQL: SELECT * FROM sy_menutype m,sy_menuinfo i WHERE ( m.mtype_id=i.mtype_id and m.mtype_id!=1017 ) ORDER BY rand() LIMIT 0,3   [ RunTime:0.0443s ]
SQL: SHOW COLUMNS FROM `sy_menutype` [ RunTime:0.0423s ]
SQL: SELECT * FROM sy_menutype m,sy_menuinfo i WHERE ( m.mtype_id=i.mtype_id and m.mtype_id!=1017 ) ORDER BY rand() LIMIT 0,3   [ RunTime:0.0440s ]
INFO: [ view_parse ] --START--
INFO: [ template_filter ] --START--
INFO: Run Behavior\ContentReplaceBehavior [ RunTime:0.000113s ]
INFO: [ template_filter ] --END-- [ RunTime:0.000172s ]
NOTIC: [8] Undefined variable: data F:\phpStudy\WWW\cafe\Shuyao\Runtime\Cache\Home\08e91de844dca98b637f1b12aa32bc63.php 第 45 行.
NOTIC: [8] Undefined variable: data F:\phpStudy\WWW\cafe\Shuyao\Runtime\Cache\Home\08e91de844dca98b637f1b12aa32bc63.php 第 48 行.
NOTIC: [8] Undefined variable: data F:\phpStudy\WWW\cafe\Shuyao\Runtime\Cache\Home\08e91de844dca98b637f1b12aa32bc63.php 第 51 行.
NOTIC: [8] Undefined variable: data F:\phpStudy\WWW\cafe\Shuyao\Runtime\Cache\Home\08e91de844dca98b637f1b12aa32bc63.php 第 54 行.
NOTIC: [8] Undefined variable: data F:\phpStudy\WWW\cafe\Shuyao\Runtime\Cache\Home\08e91de844dca98b637f1b12aa32bc63.php 第 57 行.
INFO: Run Behavior\ParseTemplateBehavior [ RunTime:0.014052s ]
INFO: [ view_parse ] --END-- [ RunTime:0.014107s ]
INFO: [ view_filter ] --START--
INFO: Run Behavior\WriteHtmlCacheBehavior [ RunTime:0.000598s ]
INFO: [ view_filter ] --END-- [ RunTime:0.000657s ]
INFO: [ app_end ] --START--
INFO: Run Behavior\ShowPageTraceBehavior [ RunTime:0.001240s ]
INFO: [ app_end ] --END-- [ RunTime:0.001308s ]

[ 2018-01-27T09:40:37+08:00 ] 127.0.0.1 /cafe/index.php/Home/Menu/menu.html
INFO: [ app_init ] --START--
INFO: Run Behavior\BuildLiteBehavior [ RunTime:0.000017s ]
INFO: [ app_init ] --END-- [ RunTime:0.000663s ]
INFO: [ app_begin ] --START--
INFO: Run Behavior\ReadHtmlCacheBehavior [ RunTime:0.000801s ]
INFO: [ app_begin ] --END-- [ RunTime:0.000875s ]
SQL: SHOW COLUMNS FROM `sy_menuinfo` [ RunTime:0.0427s ]
SQL: SELECT * FROM `sy_menuinfo` WHERE ( mtype_id !=1017 )  [ RunTime:0.0424s ]
SQL: SELECT * FROM `sy_menuinfo` WHERE ( mtype_id=1017 )  [ RunTime:0.0427s ]
INFO: [ view_parse ] --START--
INFO: [ template_filter ] --START--
INFO: Run Behavior\ContentReplaceBehavior [ RunTime:0.000054s ]
INFO: [ template_filter ] --END-- [ RunTime:0.000115s ]
INFO: Run Behavior\ParseTemplateBehavior [ RunTime:0.024945s ]
INFO: [ view_parse ] --END-- [ RunTime:0.025069s ]
INFO: [ view_filter ] --START--
INFO: Run Behavior\WriteHtmlCacheBehavior [ RunTime:0.000519s ]
INFO: [ view_filter ] --END-- [ RunTime:0.000573s ]
INFO: [ app_end ] --START--
INFO: Run Behavior\ShowPageTraceBehavior [ RunTime:0.001361s ]
INFO: [ app_end ] --END-- [ RunTime:0.001499s ]

[ 2018-01-27T09:40:46+08:00 ] 127.0.0.1 /cafe/index.php/Home/Index/index.html
INFO: [ app_init ] --START--
INFO: Run Behavior\BuildLiteBehavior [ RunTime:0.000017s ]
INFO: [ app_init ] --END-- [ RunTime:0.000596s ]
INFO: [ app_begin ] --START--
INFO: Run Behavior\ReadHtmlCacheBehavior [ RunTime:0.000763s ]
INFO: [ app_begin ] --END-- [ RunTime:0.000832s ]
SQL: SHOW COLUMNS FROM `sy_menuinfo` [ RunTime:0.0408s ]
SQL: SHOW COLUMNS FROM `sy_menutype` [ RunTime:0.0389s ]
SQL: SELECT * FROM sy_menutype m,sy_menuinfo i WHERE ( i.minfo_isnew=1 and m.mtype_id=i.mtype_id ) LIMIT 0,3   [ RunTime:0.0406s ]
SQL: SHOW COLUMNS FROM `sy_menutype` [ RunTime:0.0408s ]
SQL: SELECT * FROM sy_menutype m,sy_menuinfo i WHERE ( i.minfo_istuijian=1 and m.mtype_id=i.mtype_id and i.mtype_id!=1017 ) ORDER BY rand() LIMIT 0,3   [ RunTime:0.0473s ]
SQL: SHOW COLUMNS FROM `sy_menutype` [ RunTime:0.0422s ]
SQL: SELECT * FROM sy_menutype m,sy_menuinfo i WHERE ( m.mtype_id=i.mtype_id and m.mtype_id!=1017 ) ORDER BY i.minfo_price LIMIT 0,3   [ RunTime:0.0499s ]
SQL: SHOW COLUMNS FROM `sy_menutype` [ RunTime:0.0410s ]
SQL: SELECT * FROM sy_menutype m,sy_menuinfo i WHERE ( m.mtype_id=i.mtype_id and m.mtype_id!=1017 ) ORDER BY i.minfo_count desc LIMIT 3,3   [ RunTime:0.0400s ]
SQL: SHOW COLUMNS FROM `sy_menutype` [ RunTime:0.0438s ]
SQL: SELECT * FROM sy_menutype m,sy_menuinfo i WHERE ( m.mtype_id=i.mtype_id and m.mtype_id!=1017 ) ORDER BY rand() LIMIT 0,3   [ RunTime:0.0668s ]
SQL: SHOW COLUMNS FROM `sy_menutype` [ RunTime:0.0461s ]
SQL: SELECT * FROM sy_menutype m,sy_menuinfo i WHERE ( m.mtype_id=i.mtype_id and m.mtype_id!=1017 ) ORDER BY rand() LIMIT 0,3   [ RunTime:0.0490s ]
INFO: [ view_parse ] --START--
INFO: [ template_filter ] --START--
INFO: Run Behavior\ContentReplaceBehavior [ RunTime:0.000121s ]
INFO: [ template_filter ] --END-- [ RunTime:0.000187s ]
NOTIC: [8] Undefined variable: data F:\phpStudy\WWW\cafe\Shuyao\Runtime\Cache\Home\08e91de844dca98b637f1b12aa32bc63.php 第 45 行.
NOTIC: [8] Undefined variable: data F:\phpStudy\WWW\cafe\Shuyao\Runtime\Cache\Home\08e91de844dca98b637f1b12aa32bc63.php 第 48 行.
NOTIC: [8] Undefined variable: data F:\phpStudy\WWW\cafe\Shuyao\Runtime\Cache\Home\08e91de844dca98b637f1b12aa32bc63.php 第 51 行.
NOTIC: [8] Undefined variable: data F:\phpStudy\WWW\cafe\Shuyao\Runtime\Cache\Home\08e91de844dca98b637f1b12aa32bc63.php 第 54 行.
NOTIC: [8] Undefined variable: data F:\phpStudy\WWW\cafe\Shuyao\Runtime\Cache\Home\08e91de844dca98b637f1b12aa32bc63.php 第 57 行.
INFO: Run Behavior\ParseTemplateBehavior [ RunTime:0.015814s ]
INFO: [ view_parse ] --END-- [ RunTime:0.015867s ]
INFO: [ view_filter ] --START--
INFO: Run Behavior\WriteHtmlCacheBehavior [ RunTime:0.000604s ]
INFO: [ view_filter ] --END-- [ RunTime:0.000664s ]
INFO: [ app_end ] --START--
INFO: Run Behavior\ShowPageTraceBehavior [ RunTime:0.002414s ]
INFO: [ app_end ] --END-- [ RunTime:0.002489s ]

[ 2018-01-27T09:40:49+08:00 ] 127.0.0.1 /cafe/index.php/Home/Menu/menu.html
INFO: [ app_init ] --START--
INFO: Run Behavior\BuildLiteBehavior [ RunTime:0.000017s ]
INFO: [ app_init ] --END-- [ RunTime:0.000646s ]
INFO: [ app_begin ] --START--
INFO: Run Behavior\ReadHtmlCacheBehavior [ RunTime:0.000859s ]
INFO: [ app_begin ] --END-- [ RunTime:0.000950s ]
SQL: SHOW COLUMNS FROM `sy_menuinfo` [ RunTime:0.0430s ]
SQL: SELECT * FROM `sy_menuinfo` WHERE ( mtype_id !=1017 )  [ RunTime:0.0432s ]
SQL: SELECT * FROM `sy_menuinfo` WHERE ( mtype_id=1017 )  [ RunTime:0.0435s ]
INFO: [ view_parse ] --START--
INFO: [ template_filter ] --START--
INFO: Run Behavior\ContentReplaceBehavior [ RunTime:0.000054s ]
INFO: [ template_filter ] --END-- [ RunTime:0.000110s ]
INFO: Run Behavior\ParseTemplateBehavior [ RunTime:0.014603s ]
INFO: [ view_parse ] --END-- [ RunTime:0.014675s ]
INFO: [ view_filter ] --START--
INFO: Run Behavior\WriteHtmlCacheBehavior [ RunTime:0.000647s ]
INFO: [ view_filter ] --END-- [ RunTime:0.000711s ]
INFO: [ app_end ] --START--
INFO: Run Behavior\ShowPageTraceBehavior [ RunTime:0.001045s ]
INFO: [ app_end ] --END-- [ RunTime:0.001116s ]

[ 2018-01-27T09:43:42+08:00 ] 127.0.0.1 /cafe/index.php/Home/Menu/menu.html
INFO: [ app_init ] --START--
INFO: Run Behavior\BuildLiteBehavior [ RunTime:0.000027s ]
INFO: [ app_init ] --END-- [ RunTime:0.000865s ]
INFO: [ app_begin ] --START--
INFO: Run Behavior\ReadHtmlCacheBehavior [ RunTime:0.000926s ]
INFO: [ app_begin ] --END-- [ RunTime:0.001002s ]
SQL: SHOW COLUMNS FROM `sy_menuinfo` [ RunTime:0.0399s ]
SQL: SELECT * FROM `sy_menuinfo` WHERE ( mtype_id !=1017 )  [ RunTime:0.0380s ]
SQL: SELECT * FROM `sy_menuinfo` WHERE ( mtype_id=1017 )  [ RunTime:0.0376s ]
INFO: [ view_parse ] --START--
INFO: [ template_filter ] --START--
INFO: Run Behavior\ContentReplaceBehavior [ RunTime:0.000060s ]
INFO: [ template_filter ] --END-- [ RunTime:0.000197s ]
INFO: Run Behavior\ParseTemplateBehavior [ RunTime:0.017550s ]
INFO: [ view_parse ] --END-- [ RunTime:0.017652s ]
INFO: [ view_filter ] --START--
INFO: Run Behavior\WriteHtmlCacheBehavior [ RunTime:0.000657s ]
INFO: [ view_filter ] --END-- [ RunTime:0.000714s ]
INFO: [ app_end ] --START--
INFO: Run Behavior\ShowPageTraceBehavior [ RunTime:0.001206s ]
INFO: [ app_end ] --END-- [ RunTime:0.001348s ]

[ 2018-01-27T09:44:07+08:00 ] 127.0.0.1 /cafe/index.php/Home/Order/addOrder.html
INFO: [ app_init ] --START--
INFO: Run Behavior\BuildLiteBehavior [ RunTime:0.000024s ]
INFO: [ app_init ] --END-- [ RunTime:0.000844s ]
INFO: [ app_begin ] --START--
INFO: Run Behavior\ReadHtmlCacheBehavior [ RunTime:0.000840s ]
INFO: [ app_begin ] --END-- [ RunTime:0.000922s ]
SQL: SHOW COLUMNS FROM `sy_shoppingcart` [ RunTime:0.0364s ]
SQL: SELECT * FROM `sy_shoppingcart` WHERE ( cart_menuid=1 and cart_uphone='13896324414' ) LIMIT 1   [ RunTime:0.0371s ]
SQL: INSERT INTO `sy_shoppingcart` (`cart_menuid`,`cart_uphone`,`cart_isjiesuan`,`cart_number`) VALUES ('1','13896324414','0','1') [ RunTime:0.0422s ]
INFO: [ view_parse ] --START--
INFO: [ template_filter ] --START--
INFO: Run Behavior\ContentReplaceBehavior [ RunTime:0.000028s ]
INFO: [ template_filter ] --END-- [ RunTime:0.000082s ]
INFO: Run Behavior\ParseTemplateBehavior [ RunTime:0.008442s ]
INFO: [ view_parse ] --END-- [ RunTime:0.008506s ]
INFO: [ view_filter ] --START--
INFO: Run Behavior\WriteHtmlCacheBehavior [ RunTime:0.000374s ]
INFO: [ view_filter ] --END-- [ RunTime:0.000443s ]
INFO: [ app_end ] --START--
INFO: Run Behavior\ShowPageTraceBehavior [ RunTime:0.002493s ]
INFO: [ app_end ] --END-- [ RunTime:0.002610s ]

[ 2018-01-27T09:44:08+08:00 ] 127.0.0.1 /cafe/index.php/Home/Classifi/index.html
INFO: [ app_init ] --START--
INFO: Run Behavior\BuildLiteBehavior [ RunTime:0.000017s ]
INFO: [ app_init ] --END-- [ RunTime:0.000734s ]
INFO: [ app_begin ] --START--
INFO: Run Behavior\ReadHtmlCacheBehavior [ RunTime:0.000709s ]
INFO: [ app_begin ] --END-- [ RunTime:0.000790s ]
SQL: SHOW COLUMNS FROM `sy_menutype` [ RunTime:0.0381s ]
SQL: SELECT `mtype_id`,`mtype_name` FROM `sy_menutype` ORDER BY mtype_id  [ RunTime:0.0345s ]
SQL: SHOW COLUMNS FROM `sy_menuinfo` [ RunTime:0.0423s ]
SQL: SELECT * FROM `sy_menuinfo` WHERE ( mtype_id=1001 )  [ RunTime:0.0474s ]
INFO: [ view_parse ] --START--
INFO: [ template_filter ] --START--
INFO: Run Behavior\ContentReplaceBehavior [ RunTime:0.000048s ]
INFO: [ template_filter ] --END-- [ RunTime:0.000109s ]
INFO: Run Behavior\ParseTemplateBehavior [ RunTime:0.010716s ]
INFO: [ view_parse ] --END-- [ RunTime:0.010788s ]
INFO: [ view_filter ] --START--
INFO: Run Behavior\WriteHtmlCacheBehavior [ RunTime:0.000837s ]
INFO: [ view_filter ] --END-- [ RunTime:0.000921s ]
INFO: [ app_end ] --START--
INFO: Run Behavior\ShowPageTraceBehavior [ RunTime:0.000849s ]
INFO: [ app_end ] --END-- [ RunTime:0.000931s ]

[ 2018-01-27T09:44:08+08:00 ] 127.0.0.1 /cafe/index.php/Home/Classifi/tuijian.html
INFO: [ app_init ] --START--
INFO: Run Behavior\BuildLiteBehavior [ RunTime:0.000020s ]
INFO: [ app_init ] --END-- [ RunTime:0.000842s ]
INFO: [ app_begin ] --START--
INFO: Run Behavior\ReadHtmlCacheBehavior [ RunTime:0.000827s ]
INFO: [ app_begin ] --END-- [ RunTime:0.000925s ]
SQL: SHOW COLUMNS FROM `sy_menuinfo` [ RunTime:0.0360s ]
SQL: SELECT * FROM `sy_menuinfo` WHERE ( minfo_istuijian=1 )  [ RunTime:0.0415s ]
INFO: [ view_parse ] --START--
INFO: [ template_filter ] --START--
INFO: Run Behavior\ContentReplaceBehavior [ RunTime:0.000034s ]
INFO: [ template_filter ] --END-- [ RunTime:0.000095s ]
INFO: Run Behavior\ParseTemplateBehavior [ RunTime:0.009840s ]
INFO: [ view_parse ] --END-- [ RunTime:0.009907s ]
INFO: [ view_filter ] --START--
INFO: Run Behavior\WriteHtmlCacheBehavior [ RunTime:0.000545s ]
INFO: [ view_filter ] --END-- [ RunTime:0.000626s ]
INFO: [ app_end ] --START--
INFO: Run Behavior\ShowPageTraceBehavior [ RunTime:0.000966s ]
INFO: [ app_end ] --END-- [ RunTime:0.001053s ]

[ 2018-01-27T09:44:11+08:00 ] 127.0.0.1 /cafe/index.php/Home/Index/index.html
INFO: [ app_init ] --START--
INFO: Run Behavior\BuildLiteBehavior [ RunTime:0.000015s ]
INFO: [ app_init ] --END-- [ RunTime:0.000527s ]
INFO: [ app_begin ] --START--
INFO: Run Behavior\ReadHtmlCacheBehavior [ RunTime:0.000956s ]
INFO: [ app_begin ] --END-- [ RunTime:0.001048s ]
SQL: SHOW COLUMNS FROM `sy_menuinfo` [ RunTime:0.0404s ]
SQL: SHOW COLUMNS FROM `sy_menutype` [ RunTime:0.0403s ]
SQL: SELECT * FROM sy_menutype m,sy_menuinfo i WHERE ( i.minfo_isnew=1 and m.mtype_id=i.mtype_id ) LIMIT 0,3   [ RunTime:0.0402s ]
SQL: SHOW COLUMNS FROM `sy_menutype` [ RunTime:0.0413s ]
SQL: SELECT * FROM sy_menutype m,sy_menuinfo i WHERE ( i.minfo_istuijian=1 and m.mtype_id=i.mtype_id and i.mtype_id!=1017 ) ORDER BY rand() LIMIT 0,3   [ RunTime:0.0425s ]
SQL: SHOW COLUMNS FROM `sy_menutype` [ RunTime:0.0405s ]
SQL: SELECT * FROM sy_menutype m,sy_menuinfo i WHERE ( m.mtype_id=i.mtype_id and m.mtype_id!=1017 ) ORDER BY i.minfo_price LIMIT 0,3   [ RunTime:0.0399s ]
SQL: SHOW COLUMNS FROM `sy_menutype` [ RunTime:0.0417s ]
SQL: SELECT * FROM sy_menutype m,sy_menuinfo i WHERE ( m.mtype_id=i.mtype_id and m.mtype_id!=1017 ) ORDER BY i.minfo_count desc LIMIT 3,3   [ RunTime:0.0396s ]
SQL: SHOW COLUMNS FROM `sy_menutype` [ RunTime:0.0403s ]
SQL: SELECT * FROM sy_menutype m,sy_menuinfo i WHERE ( m.mtype_id=i.mtype_id and m.mtype_id!=1017 ) ORDER BY rand() LIMIT 0,3   [ RunTime:0.0428s ]
SQL: SHOW COLUMNS FROM `sy_menutype` [ RunTime:0.0414s ]
SQL: SELECT * FROM sy_menutype m,sy_menuinfo i WHERE ( m.mtype_id=i.mtype_id and m.mtype_id!=1017 ) ORDER BY rand() LIMIT 0,3   [ RunTime:0.0406s ]
INFO: [ view_parse ] --START--
INFO: [ template_filter ] --START--
INFO: Run Behavior\ContentReplaceBehavior [ RunTime:0.000119s ]
INFO: [ template_filter ] --END-- [ RunTime:0.000184s ]
NOTIC: [8] Undefined variable: data F:\phpStudy\WWW\cafe\Shuyao\Runtime\Cache\Home\08e91de844dca98b637f1b12aa32bc63.php 第 45 行.
NOTIC: [8] Undefined variable: data F:\phpStudy\WWW\cafe\Shuyao\Runtime\Cache\Home\08e91de844dca98b637f1b12aa32bc63.php 第 48 行.
NOTIC: [8] Undefined variable: data F:\phpStudy\WWW\cafe\Shuyao\Runtime\Cache\Home\08e91de844dca98b637f1b12aa32bc63.php 第 51 行.
NOTIC: [8] Undefined variable: data F:\phpStudy\WWW\cafe\Shuyao\Runtime\Cache\Home\08e91de844dca98b637f1b12aa32bc63.php 第 54 行.
NOTIC: [8] Undefined variable: data F:\phpStudy\WWW\cafe\Shuyao\Runtime\Cache\Home\08e91de844dca98b637f1b12aa32bc63.php 第 57 行.
INFO: Run Behavior\ParseTemplateBehavior [ RunTime:0.014466s ]
INFO: [ view_parse ] --END-- [ RunTime:0.014531s ]
INFO: [ view_filter ] --START--
INFO: Run Behavior\WriteHtmlCacheBehavior [ RunTime:0.000546s ]
INFO: [ view_filter ] --END-- [ RunTime:0.000603s ]
INFO: [ app_end ] --START--
INFO: Run Behavior\ShowPageTraceBehavior [ RunTime:0.000989s ]
INFO: [ app_end ] --END-- [ RunTime:0.001064s ]

[ 2018-01-27T09:45:10+08:00 ] 127.0.0.1 /cafe/index.php/Home/Index/index.html
INFO: [ app_init ] --START--
INFO: Run Behavior\BuildLiteBehavior [ RunTime:0.000019s ]
INFO: [ app_init ] --END-- [ RunTime:0.000720s ]
INFO: [ app_begin ] --START--
INFO: Run Behavior\ReadHtmlCacheBehavior [ RunTime:0.000714s ]
INFO: [ app_begin ] --END-- [ RunTime:0.000783s ]
SQL: SHOW COLUMNS FROM `sy_menuinfo` [ RunTime:0.0382s ]
SQL: SHOW COLUMNS FROM `sy_menutype` [ RunTime:0.0377s ]
SQL: SELECT * FROM sy_menutype m,sy_menuinfo i WHERE ( i.minfo_isnew=1 and m.mtype_id=i.mtype_id ) LIMIT 0,3   [ RunTime:0.0364s ]
SQL: SHOW COLUMNS FROM `sy_menutype` [ RunTime:0.0370s ]
SQL: SELECT * FROM sy_menutype m,sy_menuinfo i WHERE ( i.minfo_istuijian=1 and m.mtype_id=i.mtype_id and i.mtype_id!=1017 ) ORDER BY rand() LIMIT 0,3   [ RunTime:0.0599s ]
SQL: SHOW COLUMNS FROM `sy_menutype` [ RunTime:0.0386s ]
SQL: SELECT * FROM sy_menutype m,sy_menuinfo i WHERE ( m.mtype_id=i.mtype_id and m.mtype_id!=1017 ) ORDER BY i.minfo_price LIMIT 0,3   [ RunTime:0.0392s ]
SQL: SHOW COLUMNS FROM `sy_menutype` [ RunTime:0.0368s ]
SQL: SELECT * FROM sy_menutype m,sy_menuinfo i WHERE ( m.mtype_id=i.mtype_id and m.mtype_id!=1017 ) ORDER BY i.minfo_count desc LIMIT 3,3   [ RunTime:0.0367s ]
SQL: SHOW COLUMNS FROM `sy_menutype` [ RunTime:0.0373s ]
SQL: SELECT * FROM sy_menutype m,sy_menuinfo i WHERE ( m.mtype_id=i.mtype_id and m.mtype_id!=1017 ) ORDER BY rand() LIMIT 0,3   [ RunTime:0.0381s ]
SQL: SHOW COLUMNS FROM `sy_menutype` [ RunTime:0.0367s ]
SQL: SELECT * FROM sy_menutype m,sy_menuinfo i WHERE ( m.mtype_id=i.mtype_id and m.mtype_id!=1017 ) ORDER BY rand() LIMIT 0,3   [ RunTime:0.0375s ]
INFO: [ view_parse ] --START--
INFO: [ template_filter ] --START--
INFO: Run Behavior\ContentReplaceBehavior [ RunTime:0.000136s ]
INFO: [ template_filter ] --END-- [ RunTime:0.000201s ]
NOTIC: [8] Undefined variable: data F:\phpStudy\WWW\cafe\Shuyao\Runtime\Cache\Home\08e91de844dca98b637f1b12aa32bc63.php 第 45 行.
NOTIC: [8] Undefined variable: data F:\phpStudy\WWW\cafe\Shuyao\Runtime\Cache\Home\08e91de844dca98b637f1b12aa32bc63.php 第 48 行.
NOTIC: [8] Undefined variable: data F:\phpStudy\WWW\cafe\Shuyao\Runtime\Cache\Home\08e91de844dca98b637f1b12aa32bc63.php 第 51 行.
NOTIC: [8] Undefined variable: data F:\phpStudy\WWW\cafe\Shuyao\Runtime\Cache\Home\08e91de844dca98b637f1b12aa32bc63.php 第 54 行.
NOTIC: [8] Undefined variable: data F:\phpStudy\WWW\cafe\Shuyao\Runtime\Cache\Home\08e91de844dca98b637f1b12aa32bc63.php 第 57 行.
INFO: Run Behavior\ParseTemplateBehavior [ RunTime:0.014691s ]
INFO: [ view_parse ] --END-- [ RunTime:0.014755s ]
INFO: [ view_filter ] --START--
INFO: Run Behavior\WriteHtmlCacheBehavior [ RunTime:0.000505s ]
INFO: [ view_filter ] --END-- [ RunTime:0.000559s ]
INFO: [ app_end ] --START--
INFO: Run Behavior\ShowPageTraceBehavior [ RunTime:0.000905s ]
INFO: [ app_end ] --END-- [ RunTime:0.000996s ]

[ 2018-01-27T09:45:13+08:00 ] 127.0.0.1 /cafe/index.php/Home/Menu/menu.html
INFO: [ app_init ] --START--
INFO: Run Behavior\BuildLiteBehavior [ RunTime:0.000018s ]
INFO: [ app_init ] --END-- [ RunTime:0.000720s ]
INFO: [ app_begin ] --START--
INFO: Run Behavior\ReadHtmlCacheBehavior [ RunTime:0.000923s ]
INFO: [ app_begin ] --END-- [ RunTime:0.001001s ]
SQL: SHOW COLUMNS FROM `sy_menuinfo` [ RunTime:0.0391s ]
SQL: SELECT * FROM `sy_menuinfo` WHERE ( mtype_id !=1017 )  [ RunTime:0.0381s ]
SQL: SELECT * FROM `sy_menuinfo` WHERE ( mtype_id=1017 )  [ RunTime:0.0369s ]
INFO: [ view_parse ] --START--
INFO: [ template_filter ] --START--
INFO: Run Behavior\ContentReplaceBehavior [ RunTime:0.000056s ]
INFO: [ template_filter ] --END-- [ RunTime:0.000118s ]
INFO: Run Behavior\ParseTemplateBehavior [ RunTime:0.013553s ]
INFO: [ view_parse ] --END-- [ RunTime:0.013620s ]
INFO: [ view_filter ] --START--
INFO: Run Behavior\WriteHtmlCacheBehavior [ RunTime:0.000531s ]
INFO: [ view_filter ] --END-- [ RunTime:0.000584s ]
INFO: [ app_end ] --START--
INFO: Run Behavior\ShowPageTraceBehavior [ RunTime:0.000989s ]
INFO: [ app_end ] --END-- [ RunTime:0.001071s ]

[ 2018-01-27T09:45:16+08:00 ] 127.0.0.1 /cafe/index.php/Home/Order/addOrder.html
INFO: [ app_init ] --START--
INFO: Run Behavior\BuildLiteBehavior [ RunTime:0.000019s ]
INFO: [ app_init ] --END-- [ RunTime:0.000695s ]
INFO: [ app_begin ] --START--
INFO: Run Behavior\ReadHtmlCacheBehavior [ RunTime:0.000850s ]
INFO: [ app_begin ] --END-- [ RunTime:0.000933s ]
SQL: SHOW COLUMNS FROM `sy_shoppingcart` [ RunTime:0.0358s ]
SQL: SELECT * FROM `sy_shoppingcart` WHERE ( cart_menuid=5 and cart_uphone='13896324414' ) LIMIT 1   [ RunTime:0.0357s ]
INFO: [ view_parse ] --START--
INFO: [ template_filter ] --START--
INFO: Run Behavior\ContentReplaceBehavior [ RunTime:0.000030s ]
INFO: [ template_filter ] --END-- [ RunTime:0.000090s ]
INFO: Run Behavior\ParseTemplateBehavior [ RunTime:0.007126s ]
INFO: [ view_parse ] --END-- [ RunTime:0.007193s ]
INFO: [ view_filter ] --START--
INFO: Run Behavior\WriteHtmlCacheBehavior [ RunTime:0.000643s ]
INFO: [ view_filter ] --END-- [ RunTime:0.000713s ]

[ 2018-01-27T09:45:20+08:00 ] 127.0.0.1 /cafe/index.php/Home/Order/index.html
INFO: [ app_init ] --START--
INFO: Run Behavior\BuildLiteBehavior [ RunTime:0.000019s ]
INFO: [ app_init ] --END-- [ RunTime:0.000716s ]
INFO: [ app_begin ] --START--
INFO: Run Behavior\ReadHtmlCacheBehavior [ RunTime:0.000873s ]
INFO: [ app_begin ] --END-- [ RunTime:0.000951s ]
SQL: SHOW COLUMNS FROM `sy_shoppingcart` [ RunTime:0.0431s ]
SQL: SELECT * FROM `sy_shoppingcart` INNER JOIN sy_menuinfo ON sy_menuinfo.id = sy_shoppingcart.cart_menuid  WHERE ( cart_uphone='13896324414' )  [ RunTime:0.0435s ]
SQL: SELECT COUNT(*) AS tp_count FROM `sy_shoppingcart` INNER JOIN sy_menuinfo ON sy_menuinfo.id = sy_shoppingcart.cart_menuid  WHERE ( cart_uphone='13896324414' ) LIMIT 1   [ RunTime:0.0426s ]
INFO: [ view_parse ] --START--
INFO: [ template_filter ] --START--
INFO: Run Behavior\ContentReplaceBehavior [ RunTime:0.000052s ]
INFO: [ template_filter ] --END-- [ RunTime:0.000104s ]
INFO: Run Behavior\ParseTemplateBehavior [ RunTime:0.007614s ]
INFO: [ view_parse ] --END-- [ RunTime:0.007681s ]
INFO: [ view_filter ] --START--
INFO: Run Behavior\WriteHtmlCacheBehavior [ RunTime:0.000358s ]
INFO: [ view_filter ] --END-- [ RunTime:0.000396s ]
INFO: [ app_end ] --START--
INFO: Run Behavior\ShowPageTraceBehavior [ RunTime:0.001185s ]
INFO: [ app_end ] --END-- [ RunTime:0.001247s ]

[ 2018-01-27T09:46:37+08:00 ] 127.0.0.1 /cafe/index.php/Home/Order/index.html
INFO: [ app_init ] --START--
INFO: Run Behavior\BuildLiteBehavior [ RunTime:0.000019s ]
INFO: [ app_init ] --END-- [ RunTime:0.001005s ]
INFO: [ app_begin ] --START--
INFO: Run Behavior\ReadHtmlCacheBehavior [ RunTime:0.001090s ]
INFO: [ app_begin ] --END-- [ RunTime:0.001191s ]
SQL: SHOW COLUMNS FROM `sy_shoppingcart` [ RunTime:0.0383s ]
SQL: SELECT * FROM `sy_shoppingcart` INNER JOIN sy_menuinfo ON sy_menuinfo.id = sy_shoppingcart.cart_menuid  WHERE ( cart_uphone='13896324414' )  [ RunTime:0.0494s ]
SQL: SELECT COUNT(*) AS tp_count FROM `sy_shoppingcart` INNER JOIN sy_menuinfo ON sy_menuinfo.id = sy_shoppingcart.cart_menuid  WHERE ( cart_uphone='13896324414' ) LIMIT 1   [ RunTime:0.0394s ]
INFO: [ view_parse ] --START--
INFO: [ template_filter ] --START--
INFO: Run Behavior\ContentReplaceBehavior [ RunTime:0.000054s ]
INFO: [ template_filter ] --END-- [ RunTime:0.000112s ]
INFO: Run Behavior\ParseTemplateBehavior [ RunTime:0.009530s ]
INFO: [ view_parse ] --END-- [ RunTime:0.009609s ]
INFO: [ view_filter ] --START--
INFO: Run Behavior\WriteHtmlCacheBehavior [ RunTime:0.000467s ]
INFO: [ view_filter ] --END-- [ RunTime:0.000506s ]
INFO: [ app_end ] --START--
INFO: Run Behavior\ShowPageTraceBehavior [ RunTime:0.000934s ]
INFO: [ app_end ] --END-- [ RunTime:0.000996s ]

[ 2018-01-27T09:46:59+08:00 ] 127.0.0.1 /cafe/index.php/Home/Order/index.html
INFO: [ app_init ] --START--
INFO: Run Behavior\BuildLiteBehavior [ RunTime:0.000018s ]
INFO: [ app_init ] --END-- [ RunTime:0.001016s ]
INFO: [ app_begin ] --START--
INFO: Run Behavior\ReadHtmlCacheBehavior [ RunTime:0.000679s ]
INFO: [ app_begin ] --END-- [ RunTime:0.000741s ]
SQL: SHOW COLUMNS FROM `sy_shoppingcart` [ RunTime:0.0588s ]
SQL: SELECT * FROM `sy_shoppingcart` INNER JOIN sy_menuinfo ON sy_menuinfo.id = sy_shoppingcart.cart_menuid  WHERE ( cart_uphone='13896324414' )  [ RunTime:0.0434s ]
SQL: SELECT COUNT(*) AS tp_count FROM `sy_shoppingcart` INNER JOIN sy_menuinfo ON sy_menuinfo.id = sy_shoppingcart.cart_menuid  WHERE ( cart_uphone='13896324414' ) LIMIT 1   [ RunTime:0.0437s ]
INFO: [ view_parse ] --START--
INFO: [ template_filter ] --START--
INFO: Run Behavior\ContentReplaceBehavior [ RunTime:0.000059s ]
INFO: [ template_filter ] --END-- [ RunTime:0.000138s ]
INFO: Run Behavior\ParseTemplateBehavior [ RunTime:0.008749s ]
INFO: [ view_parse ] --END-- [ RunTime:0.008825s ]
INFO: [ view_filter ] --START--
INFO: Run Behavior\WriteHtmlCacheBehavior [ RunTime:0.000620s ]
INFO: [ view_filter ] --END-- [ RunTime:0.000679s ]
INFO: [ app_end ] --START--
INFO: Run Behavior\ShowPageTraceBehavior [ RunTime:0.000851s ]
INFO: [ app_end ] --END-- [ RunTime:0.000913s ]

[ 2018-01-27T09:50:20+08:00 ] 127.0.0.1 /cafe/index.php/Home/Order/index.html
INFO: [ app_init ] --START--
INFO: Run Behavior\BuildLiteBehavior [ RunTime:0.000065s ]
INFO: [ app_init ] --END-- [ RunTime:0.001113s ]
INFO: [ app_begin ] --START--
INFO: Run Behavior\ReadHtmlCacheBehavior [ RunTime:0.001143s ]
INFO: [ app_begin ] --END-- [ RunTime:0.001232s ]
SQL: SHOW COLUMNS FROM `sy_shoppingcart` [ RunTime:0.0359s ]
SQL: SELECT * FROM `sy_shoppingcart` INNER JOIN sy_menuinfo ON sy_menuinfo.id = sy_shoppingcart.cart_menuid  WHERE ( cart_uphone='13896324414' )  [ RunTime:0.0371s ]
SQL: SELECT COUNT(*) AS tp_count FROM `sy_shoppingcart` INNER JOIN sy_menuinfo ON sy_menuinfo.id = sy_shoppingcart.cart_menuid  WHERE ( cart_uphone='13896324414' ) LIMIT 1   [ RunTime:0.0437s ]
INFO: [ view_parse ] --START--
INFO: [ template_filter ] --START--
INFO: Run Behavior\ContentReplaceBehavior [ RunTime:0.000057s ]
INFO: [ template_filter ] --END-- [ RunTime:0.000124s ]
INFO: Run Behavior\ParseTemplateBehavior [ RunTime:0.013190s ]
INFO: [ view_parse ] --END-- [ RunTime:0.013268s ]
INFO: [ view_filter ] --START--
INFO: Run Behavior\WriteHtmlCacheBehavior [ RunTime:0.000684s ]
INFO: [ view_filter ] --END-- [ RunTime:0.000746s ]
INFO: [ app_end ] --START--
INFO: Run Behavior\ShowPageTraceBehavior [ RunTime:0.001111s ]
INFO: [ app_end ] --END-- [ RunTime:0.001174s ]

[ 2018-01-27T09:50:23+08:00 ] 127.0.0.1 /cafe/index.php/Home/Classifi/index.html
INFO: [ app_init ] --START--
INFO: Run Behavior\BuildLiteBehavior [ RunTime:0.000014s ]
INFO: [ app_init ] --END-- [ RunTime:0.000562s ]
INFO: [ app_begin ] --START--
INFO: Run Behavior\ReadHtmlCacheBehavior [ RunTime:0.000784s ]
INFO: [ app_begin ] --END-- [ RunTime:0.000856s ]
SQL: SHOW COLUMNS FROM `sy_menutype` [ RunTime:0.0402s ]
SQL: SELECT `mtype_id`,`mtype_name` FROM `sy_menutype` ORDER BY mtype_id  [ RunTime:0.0776s ]
SQL: SHOW COLUMNS FROM `sy_menuinfo` [ RunTime:0.0436s ]
SQL: SELECT * FROM `sy_menuinfo` WHERE ( mtype_id=1001 )  [ RunTime:0.0412s ]
INFO: [ view_parse ] --START--
INFO: [ template_filter ] --START--
INFO: Run Behavior\ContentReplaceBehavior [ RunTime:0.000044s ]
INFO: [ template_filter ] --END-- [ RunTime:0.000102s ]
INFO: Run Behavior\ParseTemplateBehavior [ RunTime:0.012999s ]
INFO: [ view_parse ] --END-- [ RunTime:0.013072s ]
INFO: [ view_filter ] --START--
INFO: Run Behavior\WriteHtmlCacheBehavior [ RunTime:0.000538s ]
INFO: [ view_filter ] --END-- [ RunTime:0.000600s ]
INFO: [ app_end ] --START--
INFO: Run Behavior\ShowPageTraceBehavior [ RunTime:0.000926s ]
INFO: [ app_end ] --END-- [ RunTime:0.000990s ]

[ 2018-01-27T09:50:24+08:00 ] 127.0.0.1 /cafe/index.php/Home/Classifi/tuijian.html
INFO: [ app_init ] --START--
INFO: Run Behavior\BuildLiteBehavior [ RunTime:0.000018s ]
INFO: [ app_init ] --END-- [ RunTime:0.000746s ]
INFO: [ app_begin ] --START--
INFO: Run Behavior\ReadHtmlCacheBehavior [ RunTime:0.000948s ]
INFO: [ app_begin ] --END-- [ RunTime:0.001053s ]
SQL: SHOW COLUMNS FROM `sy_menuinfo` [ RunTime:0.2177s ]
SQL: SELECT * FROM `sy_menuinfo` WHERE ( minfo_istuijian=1 )  [ RunTime:0.1813s ]
INFO: [ view_parse ] --START--
INFO: [ template_filter ] --START--
INFO: Run Behavior\ContentReplaceBehavior [ RunTime:0.000040s ]
INFO: [ template_filter ] --END-- [ RunTime:0.000108s ]
INFO: Run Behavior\ParseTemplateBehavior [ RunTime:0.010025s ]
INFO: [ view_parse ] --END-- [ RunTime:0.010099s ]
INFO: [ view_filter ] --START--
INFO: Run Behavior\WriteHtmlCacheBehavior [ RunTime:0.000545s ]
INFO: [ view_filter ] --END-- [ RunTime:0.000598s ]
INFO: [ app_end ] --START--
INFO: Run Behavior\ShowPageTraceBehavior [ RunTime:0.000946s ]
INFO: [ app_end ] --END-- [ RunTime:0.001015s ]

[ 2018-01-27T09:50:26+08:00 ] 127.0.0.1 /cafe/index.php/Home/Index/index.html
INFO: [ app_init ] --START--
INFO: Run Behavior\BuildLiteBehavior [ RunTime:0.000019s ]
INFO: [ app_init ] --END-- [ RunTime:0.000780s ]
INFO: [ app_begin ] --START--
INFO: Run Behavior\ReadHtmlCacheBehavior [ RunTime:0.000742s ]
INFO: [ app_begin ] --END-- [ RunTime:0.000812s ]
SQL: SHOW COLUMNS FROM `sy_menuinfo` [ RunTime:0.0416s ]
SQL: SHOW COLUMNS FROM `sy_menutype` [ RunTime:0.0422s ]
SQL: SELECT * FROM sy_menutype m,sy_menuinfo i WHERE ( i.minfo_isnew=1 and m.mtype_id=i.mtype_id ) LIMIT 0,3   [ RunTime:0.0399s ]
SQL: SHOW COLUMNS FROM `sy_menutype` [ RunTime:0.0469s ]
SQL: SELECT * FROM sy_menutype m,sy_menuinfo i WHERE ( i.minfo_istuijian=1 and m.mtype_id=i.mtype_id and i.mtype_id!=1017 ) ORDER BY rand() LIMIT 0,3   [ RunTime:0.0433s ]
SQL: SHOW COLUMNS FROM `sy_menutype` [ RunTime:0.0408s ]
SQL: SELECT * FROM sy_menutype m,sy_menuinfo i WHERE ( m.mtype_id=i.mtype_id and m.mtype_id!=1017 ) ORDER BY i.minfo_price LIMIT 0,3   [ RunTime:0.0435s ]
SQL: SHOW COLUMNS FROM `sy_menutype` [ RunTime:0.0437s ]
SQL: SELECT * FROM sy_menutype m,sy_menuinfo i WHERE ( m.mtype_id=i.mtype_id and m.mtype_id!=1017 ) ORDER BY i.minfo_count desc LIMIT 3,3   [ RunTime:0.0416s ]
SQL: SHOW COLUMNS FROM `sy_menutype` [ RunTime:0.0541s ]
SQL: SELECT * FROM sy_menutype m,sy_menuinfo i WHERE ( m.mtype_id=i.mtype_id and m.mtype_id!=1017 ) ORDER BY rand() LIMIT 0,3   [ RunTime:0.0508s ]
SQL: SHOW COLUMNS FROM `sy_menutype` [ RunTime:0.0439s ]
SQL: SELECT * FROM sy_menutype m,sy_menuinfo i WHERE ( m.mtype_id=i.mtype_id and m.mtype_id!=1017 ) ORDER BY rand() LIMIT 0,3   [ RunTime:0.0508s ]
INFO: [ view_parse ] --START--
INFO: [ template_filter ] --START--
INFO: Run Behavior\ContentReplaceBehavior [ RunTime:0.000113s ]
INFO: [ template_filter ] --END-- [ RunTime:0.000376s ]
NOTIC: [8] Undefined variable: data F:\phpStudy\WWW\cafe\Shuyao\Runtime\Cache\Home\08e91de844dca98b637f1b12aa32bc63.php 第 45 行.
NOTIC: [8] Undefined variable: data F:\phpStudy\WWW\cafe\Shuyao\Runtime\Cache\Home\08e91de844dca98b637f1b12aa32bc63.php 第 48 行.
NOTIC: [8] Undefined variable: data F:\phpStudy\WWW\cafe\Shuyao\Runtime\Cache\Home\08e91de844dca98b637f1b12aa32bc63.php 第 51 行.
NOTIC: [8] Undefined variable: data F:\phpStudy\WWW\cafe\Shuyao\Runtime\Cache\Home\08e91de844dca98b637f1b12aa32bc63.php 第 54 行.
NOTIC: [8] Undefined variable: data F:\phpStudy\WWW\cafe\Shuyao\Runtime\Cache\Home\08e91de844dca98b637f1b12aa32bc63.php 第 57 行.
INFO: Run Behavior\ParseTemplateBehavior [ RunTime:0.014636s ]
INFO: [ view_parse ] --END-- [ RunTime:0.014688s ]
INFO: [ view_filter ] --START--
INFO: Run Behavior\WriteHtmlCacheBehavior [ RunTime:0.000515s ]
INFO: [ view_filter ] --END-- [ RunTime:0.000567s ]
INFO: [ app_end ] --START--
INFO: Run Behavior\ShowPageTraceBehavior [ RunTime:0.001012s ]
INFO: [ app_end ] --END-- [ RunTime:0.001083s ]

[ 2018-01-27T09:50:29+08:00 ] 127.0.0.1 /cafe/index.php/Home/Classifi/detail.html?id=22
INFO: [ app_init ] --START--
INFO: Run Behavior\BuildLiteBehavior [ RunTime:0.000018s ]
INFO: [ app_init ] --END-- [ RunTime:0.000747s ]
INFO: [ app_begin ] --START--
INFO: Run Behavior\ReadHtmlCacheBehavior [ RunTime:0.000905s ]
INFO: [ app_begin ] --END-- [ RunTime:0.000983s ]
SQL: SHOW COLUMNS FROM `sy_menuinfo` [ RunTime:0.0388s ]
SQL: SELECT * FROM `sy_menuinfo` WHERE `id` = 22  [ RunTime:0.0406s ]
INFO: [ view_parse ] --START--
INFO: [ template_filter ] --START--
INFO: Run Behavior\ContentReplaceBehavior [ RunTime:0.000037s ]
INFO: [ template_filter ] --END-- [ RunTime:0.000091s ]
INFO: Run Behavior\ParseTemplateBehavior [ RunTime:0.008863s ]
INFO: [ view_parse ] --END-- [ RunTime:0.008929s ]
INFO: [ view_filter ] --START--
INFO: Run Behavior\WriteHtmlCacheBehavior [ RunTime:0.000473s ]
INFO: [ view_filter ] --END-- [ RunTime:0.000522s ]
INFO: [ app_end ] --START--
INFO: Run Behavior\ShowPageTraceBehavior [ RunTime:0.000771s ]
INFO: [ app_end ] --END-- [ RunTime:0.000825s ]

[ 2018-01-27T09:50:32+08:00 ] 127.0.0.1 /cafe/index.php/Home/Order/addOrder.html
INFO: [ app_init ] --START--
INFO: Run Behavior\BuildLiteBehavior [ RunTime:0.000019s ]
INFO: [ app_init ] --END-- [ RunTime:0.000896s ]
INFO: [ app_begin ] --START--
INFO: Run Behavior\ReadHtmlCacheBehavior [ RunTime:0.000869s ]
INFO: [ app_begin ] --END-- [ RunTime:0.000955s ]
SQL: SHOW COLUMNS FROM `sy_shoppingcart` [ RunTime:0.0427s ]
SQL: SELECT * FROM `sy_shoppingcart` WHERE ( cart_menuid=22 and cart_uphone='13896324414' ) LIMIT 1   [ RunTime:0.0408s ]
SQL: INSERT INTO `sy_shoppingcart` (`cart_menuid`,`cart_uphone`,`cart_isjiesuan`,`cart_number`) VALUES ('22','13896324414','0','1') [ RunTime:0.0442s ]
INFO: [ view_parse ] --START--
INFO: [ template_filter ] --START--
INFO: Run Behavior\ContentReplaceBehavior [ RunTime:0.000032s ]
INFO: [ template_filter ] --END-- [ RunTime:0.000096s ]
INFO: Run Behavior\ParseTemplateBehavior [ RunTime:0.008777s ]
INFO: [ view_parse ] --END-- [ RunTime:0.008846s ]
INFO: [ view_filter ] --START--
INFO: Run Behavior\WriteHtmlCacheBehavior [ RunTime:0.000450s ]
INFO: [ view_filter ] --END-- [ RunTime:0.000502s ]
INFO: [ app_end ] --START--
INFO: Run Behavior\ShowPageTraceBehavior [ RunTime:0.000890s ]
INFO: [ app_end ] --END-- [ RunTime:0.000949s ]

[ 2018-01-27T09:50:33+08:00 ] 127.0.0.1 /cafe/index.php/Home/Order/index.html
INFO: [ app_init ] --START--
INFO: Run Behavior\BuildLiteBehavior [ RunTime:0.000020s ]
INFO: [ app_init ] --END-- [ RunTime:0.000960s ]
INFO: [ app_begin ] --START--
INFO: Run Behavior\ReadHtmlCacheBehavior [ RunTime:0.000882s ]
INFO: [ app_begin ] --END-- [ RunTime:0.000959s ]
SQL: SHOW COLUMNS FROM `sy_shoppingcart` [ RunTime:0.0361s ]
SQL: SELECT * FROM `sy_shoppingcart` INNER JOIN sy_menuinfo ON sy_menuinfo.id = sy_shoppingcart.cart_menuid  WHERE ( cart_uphone='13896324414' )  [ RunTime:0.0377s ]
SQL: SELECT COUNT(*) AS tp_count FROM `sy_shoppingcart` INNER JOIN sy_menuinfo ON sy_menuinfo.id = sy_shoppingcart.cart_menuid  WHERE ( cart_uphone='13896324414' ) LIMIT 1   [ RunTime:0.0366s ]
INFO: [ view_parse ] --START--
INFO: [ template_filter ] --START--
INFO: Run Behavior\ContentReplaceBehavior [ RunTime:0.000054s ]
INFO: [ template_filter ] --END-- [ RunTime:0.000110s ]
INFO: Run Behavior\ParseTemplateBehavior [ RunTime:0.008139s ]
INFO: [ view_parse ] --END-- [ RunTime:0.008213s ]
INFO: [ view_filter ] --START--
INFO: Run Behavior\WriteHtmlCacheBehavior [ RunTime:0.000460s ]
INFO: [ view_filter ] --END-- [ RunTime:0.000512s ]
INFO: [ app_end ] --START--
INFO: Run Behavior\ShowPageTraceBehavior [ RunTime:0.001100s ]
INFO: [ app_end ] --END-- [ RunTime:0.001251s ]

[ 2018-01-27T09:50:58+08:00 ] 127.0.0.1 /cafe/index.php/Home/Menu/menu.html
INFO: [ app_init ] --START--
INFO: Run Behavior\BuildLiteBehavior [ RunTime:0.000017s ]
INFO: [ app_init ] --END-- [ RunTime:0.000560s ]
INFO: [ app_begin ] --START--
INFO: Run Behavior\ReadHtmlCacheBehavior [ RunTime:0.000808s ]
INFO: [ app_begin ] --END-- [ RunTime:0.000877s ]
SQL: SHOW COLUMNS FROM `sy_menuinfo` [ RunTime:0.0359s ]
SQL: SELECT * FROM `sy_menuinfo` WHERE ( mtype_id !=1017 )  [ RunTime:0.0539s ]
SQL: SELECT * FROM `sy_menuinfo` WHERE ( mtype_id=1017 )  [ RunTime:0.0476s ]
INFO: [ view_parse ] --START--
INFO: [ template_filter ] --START--
INFO: Run Behavior\ContentReplaceBehavior [ RunTime:0.000050s ]
INFO: [ template_filter ] --END-- [ RunTime:0.000100s ]
INFO: Run Behavior\ParseTemplateBehavior [ RunTime:0.011897s ]
INFO: [ view_parse ] --END-- [ RunTime:0.011969s ]
INFO: [ view_filter ] --START--
INFO: Run Behavior\WriteHtmlCacheBehavior [ RunTime:0.000522s ]
INFO: [ view_filter ] --END-- [ RunTime:0.000577s ]
INFO: [ app_end ] --START--
INFO: Run Behavior\ShowPageTraceBehavior [ RunTime:0.000955s ]
INFO: [ app_end ] --END-- [ RunTime:0.001020s ]

[ 2018-01-27T09:51:05+08:00 ] 127.0.0.1 /cafe/index.php/Home/Order/addOrder.html
INFO: [ app_init ] --START--
INFO: Run Behavior\BuildLiteBehavior [ RunTime:0.000016s ]
INFO: [ app_init ] --END-- [ RunTime:0.000628s ]
INFO: [ app_begin ] --START--
INFO: Run Behavior\ReadHtmlCacheBehavior [ RunTime:0.001111s ]
INFO: [ app_begin ] --END-- [ RunTime:0.001213s ]
SQL: SHOW COLUMNS FROM `sy_shoppingcart` [ RunTime:0.0384s ]
SQL: SELECT * FROM `sy_shoppingcart` WHERE ( cart_menuid=27 and cart_uphone='13896324414' ) LIMIT 1   [ RunTime:0.0428s ]
SQL: INSERT INTO `sy_shoppingcart` (`cart_menuid`,`cart_uphone`,`cart_isjiesuan`,`cart_number`) VALUES ('27','13896324414','0','1') [ RunTime:0.0438s ]
INFO: [ view_parse ] --START--
INFO: [ template_filter ] --START--
INFO: Run Behavior\ContentReplaceBehavior [ RunTime:0.000028s ]
INFO: [ template_filter ] --END-- [ RunTime:0.000083s ]
INFO: Run Behavior\ParseTemplateBehavior [ RunTime:0.006674s ]
INFO: [ view_parse ] --END-- [ RunTime:0.006743s ]
INFO: [ view_filter ] --START--
INFO: Run Behavior\WriteHtmlCacheBehavior [ RunTime:0.000438s ]
INFO: [ view_filter ] --END-- [ RunTime:0.000494s ]
INFO: [ app_end ] --START--
INFO: Run Behavior\ShowPageTraceBehavior [ RunTime:0.000784s ]
INFO: [ app_end ] --END-- [ RunTime:0.000842s ]

[ 2018-01-27T09:51:06+08:00 ] 127.0.0.1 /cafe/index.php/Home/Order/index.html
INFO: [ app_init ] --START--
INFO: Run Behavior\BuildLiteBehavior [ RunTime:0.000018s ]
INFO: [ app_init ] --END-- [ RunTime:0.001112s ]
INFO: [ app_begin ] --START--
INFO: Run Behavior\ReadHtmlCacheBehavior [ RunTime:0.000890s ]
INFO: [ app_begin ] --END-- [ RunTime:0.000964s ]
SQL: SHOW COLUMNS FROM `sy_shoppingcart` [ RunTime:0.0367s ]
SQL: SELECT * FROM `sy_shoppingcart` INNER JOIN sy_menuinfo ON sy_menuinfo.id = sy_shoppingcart.cart_menuid  WHERE ( cart_uphone='13896324414' )  [ RunTime:0.0389s ]
SQL: SELECT COUNT(*) AS tp_count FROM `sy_shoppingcart` INNER JOIN sy_menuinfo ON sy_menuinfo.id = sy_shoppingcart.cart_menuid  WHERE ( cart_uphone='13896324414' ) LIMIT 1   [ RunTime:0.0383s ]
INFO: [ view_parse ] --START--
INFO: [ template_filter ] --START--
INFO: Run Behavior\ContentReplaceBehavior [ RunTime:0.000052s ]
INFO: [ template_filter ] --END-- [ RunTime:0.000105s ]
INFO: Run Behavior\ParseTemplateBehavior [ RunTime:0.007916s ]
INFO: [ view_parse ] --END-- [ RunTime:0.008013s ]
INFO: [ view_filter ] --START--
INFO: Run Behavior\WriteHtmlCacheBehavior [ RunTime:0.000722s ]
INFO: [ view_filter ] --END-- [ RunTime:0.000797s ]
INFO: [ app_end ] --START--
INFO: Run Behavior\ShowPageTraceBehavior [ RunTime:0.000929s ]
INFO: [ app_end ] --END-- [ RunTime:0.001010s ]

[ 2018-01-27T09:51:19+08:00 ] 127.0.0.1 /cafe/index.php/Home/Order/index.html
INFO: [ app_init ] --START--
INFO: Run Behavior\BuildLiteBehavior [ RunTime:0.000019s ]
INFO: [ app_init ] --END-- [ RunTime:0.000834s ]
INFO: [ app_begin ] --START--
INFO: Run Behavior\ReadHtmlCacheBehavior [ RunTime:0.001655s ]
INFO: [ app_begin ] --END-- [ RunTime:0.001756s ]
SQL: SHOW COLUMNS FROM `sy_shoppingcart` [ RunTime:0.0374s ]
SQL: SELECT * FROM `sy_shoppingcart` INNER JOIN sy_menuinfo ON sy_menuinfo.id = sy_shoppingcart.cart_menuid  WHERE ( cart_uphone='13896324414' )  [ RunTime:0.0367s ]
SQL: SELECT COUNT(*) AS tp_count FROM `sy_shoppingcart` INNER JOIN sy_menuinfo ON sy_menuinfo.id = sy_shoppingcart.cart_menuid  WHERE ( cart_uphone='13896324414' ) LIMIT 1   [ RunTime:0.0366s ]
INFO: [ view_parse ] --START--
INFO: [ template_filter ] --START--
INFO: Run Behavior\ContentReplaceBehavior [ RunTime:0.000052s ]
INFO: [ template_filter ] --END-- [ RunTime:0.000102s ]
INFO: Run Behavior\ParseTemplateBehavior [ RunTime:0.008092s ]
INFO: [ view_parse ] --END-- [ RunTime:0.008161s ]
INFO: [ view_filter ] --START--
INFO: Run Behavior\WriteHtmlCacheBehavior [ RunTime:0.000408s ]
INFO: [ view_filter ] --END-- [ RunTime:0.000450s ]
INFO: [ app_end ] --START--
INFO: Run Behavior\ShowPageTraceBehavior [ RunTime:0.000921s ]
INFO: [ app_end ] --END-- [ RunTime:0.001028s ]

[ 2018-01-27T10:01:24+08:00 ] 127.0.0.1 /cafe/index.php/Home/Order/index.html
INFO: [ app_init ] --START--
INFO: Run Behavior\BuildLiteBehavior [ RunTime:0.000018s ]
INFO: [ app_init ] --END-- [ RunTime:0.001358s ]
INFO: [ app_begin ] --START--
INFO: Run Behavior\ReadHtmlCacheBehavior [ RunTime:0.001125s ]
INFO: [ app_begin ] --END-- [ RunTime:0.001206s ]
SQL: SHOW COLUMNS FROM `sy_shoppingcart` [ RunTime:0.0403s ]
SQL: SELECT * FROM `sy_shoppingcart` INNER JOIN sy_menuinfo ON sy_menuinfo.id = sy_shoppingcart.cart_menuid  WHERE ( cart_uphone='13896324414' )  [ RunTime:0.0371s ]
SQL: SELECT COUNT(*) AS tp_count FROM `sy_shoppingcart` INNER JOIN sy_menuinfo ON sy_menuinfo.id = sy_shoppingcart.cart_menuid  WHERE ( cart_uphone='13896324414' ) LIMIT 1   [ RunTime:0.0371s ]
INFO: [ view_parse ] --START--
INFO: [ template_filter ] --START--
INFO: Run Behavior\ContentReplaceBehavior [ RunTime:0.000054s ]
INFO: [ template_filter ] --END-- [ RunTime:0.000103s ]
INFO: Run Behavior\ParseTemplateBehavior [ RunTime:0.010574s ]
INFO: [ view_parse ] --END-- [ RunTime:0.010651s ]
INFO: [ view_filter ] --START--
INFO: Run Behavior\WriteHtmlCacheBehavior [ RunTime:0.000901s ]
INFO: [ view_filter ] --END-- [ RunTime:0.000977s ]
INFO: [ app_end ] --START--
INFO: Run Behavior\ShowPageTraceBehavior [ RunTime:0.001066s ]
INFO: [ app_end ] --END-- [ RunTime:0.001148s ]

[ 2018-01-27T10:01:27+08:00 ] 127.0.0.1 /cafe/index.php/Home/Order/index.html
INFO: [ app_init ] --START--
INFO: Run Behavior\BuildLiteBehavior [ RunTime:0.000017s ]
INFO: [ app_init ] --END-- [ RunTime:0.000802s ]
INFO: [ app_begin ] --START--
INFO: Run Behavior\ReadHtmlCacheBehavior [ RunTime:0.001036s ]
INFO: [ app_begin ] --END-- [ RunTime:0.001113s ]
SQL: SHOW COLUMNS FROM `sy_shoppingcart` [ RunTime:0.0411s ]
SQL: SELECT * FROM `sy_shoppingcart` INNER JOIN sy_menuinfo ON sy_menuinfo.id = sy_shoppingcart.cart_menuid  WHERE ( cart_uphone='13896324414' )  [ RunTime:0.0409s ]
SQL: SELECT COUNT(*) AS tp_count FROM `sy_shoppingcart` INNER JOIN sy_menuinfo ON sy_menuinfo.id = sy_shoppingcart.cart_menuid  WHERE ( cart_uphone='13896324414' ) LIMIT 1   [ RunTime:0.0402s ]
INFO: [ view_parse ] --START--
INFO: [ template_filter ] --START--
INFO: Run Behavior\ContentReplaceBehavior [ RunTime:0.000063s ]
INFO: [ template_filter ] --END-- [ RunTime:0.000129s ]
INFO: Run Behavior\ParseTemplateBehavior [ RunTime:0.008357s ]
INFO: [ view_parse ] --END-- [ RunTime:0.008435s ]
INFO: [ view_filter ] --START--
INFO: Run Behavior\WriteHtmlCacheBehavior [ RunTime:0.000560s ]
INFO: [ view_filter ] --END-- [ RunTime:0.000623s ]
INFO: [ app_end ] --START--
INFO: Run Behavior\ShowPageTraceBehavior [ RunTime:0.000917s ]
INFO: [ app_end ] --END-- [ RunTime:0.001001s ]

[ 2018-01-27T10:01:48+08:00 ] 127.0.0.1 /cafe/index.php/Home/Index/index.html
INFO: [ app_init ] --START--
INFO: Run Behavior\BuildLiteBehavior [ RunTime:0.000015s ]
INFO: [ app_init ] --END-- [ RunTime:0.000593s ]
INFO: [ app_begin ] --START--
INFO: Run Behavior\ReadHtmlCacheBehavior [ RunTime:0.000749s ]
INFO: [ app_begin ] --END-- [ RunTime:0.000816s ]
SQL: SHOW COLUMNS FROM `sy_menuinfo` [ RunTime:0.1329s ]
SQL: SHOW COLUMNS FROM `sy_menutype` [ RunTime:0.1265s ]
SQL: SELECT * FROM sy_menutype m,sy_menuinfo i WHERE ( i.minfo_isnew=1 and m.mtype_id=i.mtype_id ) LIMIT 0,3   [ RunTime:0.1417s ]
SQL: SHOW COLUMNS FROM `sy_menutype` [ RunTime:0.1505s ]
SQL: SELECT * FROM sy_menutype m,sy_menuinfo i WHERE ( i.minfo_istuijian=1 and m.mtype_id=i.mtype_id and i.mtype_id!=1017 ) ORDER BY rand() LIMIT 0,3   [ RunTime:0.1535s ]
SQL: SHOW COLUMNS FROM `sy_menutype` [ RunTime:0.1430s ]
SQL: SELECT * FROM sy_menutype m,sy_menuinfo i WHERE ( m.mtype_id=i.mtype_id and m.mtype_id!=1017 ) ORDER BY i.minfo_price LIMIT 0,3   [ RunTime:0.1607s ]
SQL: SHOW COLUMNS FROM `sy_menutype` [ RunTime:0.1360s ]
SQL: SELECT * FROM sy_menutype m,sy_menuinfo i WHERE ( m.mtype_id=i.mtype_id and m.mtype_id!=1017 ) ORDER BY i.minfo_count desc LIMIT 3,3   [ RunTime:0.1218s ]
SQL: SHOW COLUMNS FROM `sy_menutype` [ RunTime:0.1121s ]
SQL: SELECT * FROM sy_menutype m,sy_menuinfo i WHERE ( m.mtype_id=i.mtype_id and m.mtype_id!=1017 ) ORDER BY rand() LIMIT 0,3   [ RunTime:0.1099s ]
SQL: SHOW COLUMNS FROM `sy_menutype` [ RunTime:0.1209s ]
SQL: SELECT * FROM sy_menutype m,sy_menuinfo i WHERE ( m.mtype_id=i.mtype_id and m.mtype_id!=1017 ) ORDER BY rand() LIMIT 0,3   [ RunTime:0.1321s ]
INFO: [ view_parse ] --START--
INFO: [ template_filter ] --START--
INFO: Run Behavior\ContentReplaceBehavior [ RunTime:0.000113s ]
INFO: [ template_filter ] --END-- [ RunTime:0.000173s ]
NOTIC: [8] Undefined variable: data F:\phpStudy\WWW\cafe\Shuyao\Runtime\Cache\Home\08e91de844dca98b637f1b12aa32bc63.php 第 45 行.
NOTIC: [8] Undefined variable: data F:\phpStudy\WWW\cafe\Shuyao\Runtime\Cache\Home\08e91de844dca98b637f1b12aa32bc63.php 第 48 行.
NOTIC: [8] Undefined variable: data F:\phpStudy\WWW\cafe\Shuyao\Runtime\Cache\Home\08e91de844dca98b637f1b12aa32bc63.php 第 51 行.
NOTIC: [8] Undefined variable: data F:\phpStudy\WWW\cafe\Shuyao\Runtime\Cache\Home\08e91de844dca98b637f1b12aa32bc63.php 第 54 行.
NOTIC: [8] Undefined variable: data F:\phpStudy\WWW\cafe\Shuyao\Runtime\Cache\Home\08e91de844dca98b637f1b12aa32bc63.php 第 57 行.
INFO: Run Behavior\ParseTemplateBehavior [ RunTime:0.016034s ]
INFO: [ view_parse ] --END-- [ RunTime:0.016105s ]
INFO: [ view_filter ] --START--
INFO: Run Behavior\WriteHtmlCacheBehavior [ RunTime:0.000563s ]
INFO: [ view_filter ] --END-- [ RunTime:0.000666s ]
INFO: [ app_end ] --START--
INFO: Run Behavior\ShowPageTraceBehavior [ RunTime:0.001075s ]
INFO: [ app_end ] --END-- [ RunTime:0.001148s ]

[ 2018-01-27T10:01:52+08:00 ] 127.0.0.1 /cafe/index.php/Home/Menu/menu.html
INFO: [ app_init ] --START--
INFO: Run Behavior\BuildLiteBehavior [ RunTime:0.000018s ]
INFO: [ app_init ] --END-- [ RunTime:0.000830s ]
INFO: [ app_begin ] --START--
INFO: Run Behavior\ReadHtmlCacheBehavior [ RunTime:0.000831s ]
INFO: [ app_begin ] --END-- [ RunTime:0.000907s ]
SQL: SHOW COLUMNS FROM `sy_menuinfo` [ RunTime:0.1868s ]
SQL: SELECT * FROM `sy_menuinfo` WHERE ( mtype_id !=1017 )  [ RunTime:0.2365s ]
SQL: SELECT * FROM `sy_menuinfo` WHERE ( mtype_id=1017 )  [ RunTime:0.0849s ]
INFO: [ view_parse ] --START--
INFO: [ template_filter ] --START--
INFO: Run Behavior\ContentReplaceBehavior [ RunTime:0.000050s ]
INFO: [ template_filter ] --END-- [ RunTime:0.000101s ]
INFO: Run Behavior\ParseTemplateBehavior [ RunTime:0.011904s ]
INFO: [ view_parse ] --END-- [ RunTime:0.011970s ]
INFO: [ view_filter ] --START--
INFO: Run Behavior\WriteHtmlCacheBehavior [ RunTime:0.000565s ]
INFO: [ view_filter ] --END-- [ RunTime:0.000617s ]
INFO: [ app_end ] --START--
INFO: Run Behavior\ShowPageTraceBehavior [ RunTime:0.001182s ]
INFO: [ app_end ] --END-- [ RunTime:0.001250s ]

[ 2018-01-27T10:01:55+08:00 ] 127.0.0.1 /cafe/index.php/Home/Order/addOrder.html
INFO: [ app_init ] --START--
INFO: Run Behavior\BuildLiteBehavior [ RunTime:0.000018s ]
INFO: [ app_init ] --END-- [ RunTime:0.000838s ]
INFO: [ app_begin ] --START--
INFO: Run Behavior\ReadHtmlCacheBehavior [ RunTime:0.000900s ]
INFO: [ app_begin ] --END-- [ RunTime:0.000984s ]
SQL: SHOW COLUMNS FROM `sy_shoppingcart` [ RunTime:0.0407s ]
SQL: SELECT * FROM `sy_shoppingcart` WHERE ( cart_menuid=3 and cart_uphone='13896324414' ) LIMIT 1   [ RunTime:0.0776s ]
INFO: [ view_parse ] --START--
INFO: [ template_filter ] --START--
INFO: Run Behavior\ContentReplaceBehavior [ RunTime:0.000036s ]
INFO: [ template_filter ] --END-- [ RunTime:0.000204s ]
INFO: Run Behavior\ParseTemplateBehavior [ RunTime:0.008315s ]
INFO: [ view_parse ] --END-- [ RunTime:0.008378s ]
INFO: [ view_filter ] --START--
INFO: Run Behavior\WriteHtmlCacheBehavior [ RunTime:0.000533s ]
INFO: [ view_filter ] --END-- [ RunTime:0.000609s ]

[ 2018-01-27T10:01:58+08:00 ] 127.0.0.1 /cafe/index.php/Home/Order/index.html
INFO: [ app_init ] --START--
INFO: Run Behavior\BuildLiteBehavior [ RunTime:0.000016s ]
INFO: [ app_init ] --END-- [ RunTime:0.000627s ]
INFO: [ app_begin ] --START--
INFO: Run Behavior\ReadHtmlCacheBehavior [ RunTime:0.000688s ]
INFO: [ app_begin ] --END-- [ RunTime:0.000755s ]
SQL: SHOW COLUMNS FROM `sy_shoppingcart` [ RunTime:0.0470s ]
SQL: SELECT * FROM `sy_shoppingcart` INNER JOIN sy_menuinfo ON sy_menuinfo.id = sy_shoppingcart.cart_menuid  WHERE ( cart_uphone='13896324414' )  [ RunTime:0.0656s ]
SQL: SELECT COUNT(*) AS tp_count FROM `sy_shoppingcart` INNER JOIN sy_menuinfo ON sy_menuinfo.id = sy_shoppingcart.cart_menuid  WHERE ( cart_uphone='13896324414' ) LIMIT 1   [ RunTime:0.0905s ]
INFO: [ view_parse ] --START--
INFO: [ template_filter ] --START--
INFO: Run Behavior\ContentReplaceBehavior [ RunTime:0.000055s ]
INFO: [ template_filter ] --END-- [ RunTime:0.000107s ]
INFO: Run Behavior\ParseTemplateBehavior [ RunTime:0.008109s ]
INFO: [ view_parse ] --END-- [ RunTime:0.008307s ]
INFO: [ view_filter ] --START--
INFO: Run Behavior\WriteHtmlCacheBehavior [ RunTime:0.000887s ]
INFO: [ view_filter ] --END-- [ RunTime:0.000949s ]
INFO: [ app_end ] --START--
INFO: Run Behavior\ShowPageTraceBehavior [ RunTime:0.000899s ]
INFO: [ app_end ] --END-- [ RunTime:0.000965s ]

[ 2018-01-27T10:02:06+08:00 ] 127.0.0.1 /cafe/index.php/Home/Menu/menu.html
INFO: [ app_init ] --START--
INFO: Run Behavior\BuildLiteBehavior [ RunTime:0.000013s ]
INFO: [ app_init ] --END-- [ RunTime:0.000460s ]
INFO: [ app_begin ] --START--
INFO: Run Behavior\ReadHtmlCacheBehavior [ RunTime:0.000609s ]
INFO: [ app_begin ] --END-- [ RunTime:0.000664s ]
SQL: SHOW COLUMNS FROM `sy_menuinfo` [ RunTime:0.0974s ]
SQL: SELECT * FROM `sy_menuinfo` WHERE ( mtype_id !=1017 )  [ RunTime:0.1078s ]
SQL: SELECT * FROM `sy_menuinfo` WHERE ( mtype_id=1017 )  [ RunTime:0.1156s ]
INFO: [ view_parse ] --START--
INFO: [ template_filter ] --START--
INFO: Run Behavior\ContentReplaceBehavior [ RunTime:0.000059s ]
INFO: [ template_filter ] --END-- [ RunTime:0.000129s ]
INFO: Run Behavior\ParseTemplateBehavior [ RunTime:0.014115s ]
INFO: [ view_parse ] --END-- [ RunTime:0.014183s ]
INFO: [ view_filter ] --START--
INFO: Run Behavior\WriteHtmlCacheBehavior [ RunTime:0.000542s ]
INFO: [ view_filter ] --END-- [ RunTime:0.000598s ]
INFO: [ app_end ] --START--
INFO: Run Behavior\ShowPageTraceBehavior [ RunTime:0.000996s ]
INFO: [ app_end ] --END-- [ RunTime:0.001063s ]

[ 2018-01-27T10:02:12+08:00 ] 127.0.0.1 /cafe/index.php/Home/Order/addOrder.html
INFO: [ app_init ] --START--
INFO: Run Behavior\BuildLiteBehavior [ RunTime:0.000016s ]
INFO: [ app_init ] --END-- [ RunTime:0.000673s ]
INFO: [ app_begin ] --START--
INFO: Run Behavior\ReadHtmlCacheBehavior [ RunTime:0.000781s ]
INFO: [ app_begin ] --END-- [ RunTime:0.000861s ]
SQL: SHOW COLUMNS FROM `sy_shoppingcart` [ RunTime:0.0495s ]
SQL: SELECT * FROM `sy_shoppingcart` WHERE ( cart_menuid=17 and cart_uphone='13896324414' ) LIMIT 1   [ RunTime:0.0527s ]
SQL: INSERT INTO `sy_shoppingcart` (`cart_menuid`,`cart_uphone`,`cart_isjiesuan`,`cart_number`) VALUES ('17','13896324414','0','1') [ RunTime:0.0508s ]
INFO: [ view_parse ] --START--
INFO: [ template_filter ] --START--
INFO: Run Behavior\ContentReplaceBehavior [ RunTime:0.000121s ]
INFO: [ template_filter ] --END-- [ RunTime:0.000198s ]
INFO: Run Behavior\ParseTemplateBehavior [ RunTime:0.008401s ]
INFO: [ view_parse ] --END-- [ RunTime:0.008748s ]
INFO: [ view_filter ] --START--
INFO: Run Behavior\WriteHtmlCacheBehavior [ RunTime:0.000765s ]
INFO: [ view_filter ] --END-- [ RunTime:0.000871s ]
INFO: [ app_end ] --START--
INFO: Run Behavior\ShowPageTraceBehavior [ RunTime:0.001017s ]
INFO: [ app_end ] --END-- [ RunTime:0.001120s ]

[ 2018-01-27T10:02:14+08:00 ] 127.0.0.1 /cafe/index.php/Home/Order/index.html
INFO: [ app_init ] --START--
INFO: Run Behavior\BuildLiteBehavior [ RunTime:0.000013s ]
INFO: [ app_init ] --END-- [ RunTime:0.000491s ]
INFO: [ app_begin ] --START--
INFO: Run Behavior\ReadHtmlCacheBehavior [ RunTime:0.000997s ]
INFO: [ app_begin ] --END-- [ RunTime:0.001095s ]
SQL: SHOW COLUMNS FROM `sy_shoppingcart` [ RunTime:0.0600s ]
SQL: SELECT * FROM `sy_shoppingcart` INNER JOIN sy_menuinfo ON sy_menuinfo.id = sy_shoppingcart.cart_menuid  WHERE ( cart_uphone='13896324414' )  [ RunTime:0.0424s ]
SQL: SELECT COUNT(*) AS tp_count FROM `sy_shoppingcart` INNER JOIN sy_menuinfo ON sy_menuinfo.id = sy_shoppingcart.cart_menuid  WHERE ( cart_uphone='13896324414' ) LIMIT 1   [ RunTime:0.0579s ]
INFO: [ view_parse ] --START--
INFO: [ template_filter ] --START--
INFO: Run Behavior\ContentReplaceBehavior [ RunTime:0.000062s ]
INFO: [ template_filter ] --END-- [ RunTime:0.000123s ]
INFO: Run Behavior\ParseTemplateBehavior [ RunTime:0.008654s ]
INFO: [ view_parse ] --END-- [ RunTime:0.008729s ]
INFO: [ view_filter ] --START--
INFO: Run Behavior\WriteHtmlCacheBehavior [ RunTime:0.000676s ]
INFO: [ view_filter ] --END-- [ RunTime:0.000767s ]
INFO: [ app_end ] --START--
INFO: Run Behavior\ShowPageTraceBehavior [ RunTime:0.001078s ]
INFO: [ app_end ] --END-- [ RunTime:0.001161s ]

[ 2018-01-27T10:02:22+08:00 ] 127.0.0.1 /cafe/index.php/Home/Order/index.html
INFO: [ app_init ] --START--
INFO: Run Behavior\BuildLiteBehavior [ RunTime:0.000013s ]
INFO: [ app_init ] --END-- [ RunTime:0.000530s ]
INFO: [ app_begin ] --START--
INFO: Run Behavior\ReadHtmlCacheBehavior [ RunTime:0.001094s ]
INFO: [ app_begin ] --END-- [ RunTime:0.001166s ]
SQL: SHOW COLUMNS FROM `sy_shoppingcart` [ RunTime:0.0632s ]
SQL: SELECT * FROM `sy_shoppingcart` INNER JOIN sy_menuinfo ON sy_menuinfo.id = sy_shoppingcart.cart_menuid  WHERE ( cart_uphone='13896324414' )  [ RunTime:0.0465s ]
SQL: SELECT COUNT(*) AS tp_count FROM `sy_shoppingcart` INNER JOIN sy_menuinfo ON sy_menuinfo.id = sy_shoppingcart.cart_menuid  WHERE ( cart_uphone='13896324414' ) LIMIT 1   [ RunTime:0.0511s ]
INFO: [ view_parse ] --START--
INFO: [ template_filter ] --START--
INFO: Run Behavior\ContentReplaceBehavior [ RunTime:0.000053s ]
INFO: [ template_filter ] --END-- [ RunTime:0.000103s ]
INFO: Run Behavior\ParseTemplateBehavior [ RunTime:0.007538s ]
INFO: [ view_parse ] --END-- [ RunTime:0.007613s ]
INFO: [ view_filter ] --START--
INFO: Run Behavior\WriteHtmlCacheBehavior [ RunTime:0.000412s ]
INFO: [ view_filter ] --END-- [ RunTime:0.000455s ]
INFO: [ app_end ] --START--
INFO: Run Behavior\ShowPageTraceBehavior [ RunTime:0.000931s ]
INFO: [ app_end ] --END-- [ RunTime:0.001002s ]

